commit f29fff94a798597ba0fdfa3267d283d5374e4b2d
Author: Janis Peyer <janis.peyer@outlook.com>
Date:   Wed Feb 1 12:31:56 2023 +0100

    Modified MIR_PASS_INJECTION to use RwLock
    
    janispeyer/rustc_alias#2

diff --git a/compiler/rustc_mir_transform/src/lib.rs b/compiler/rustc_mir_transform/src/lib.rs
index f8ad7617835..7bba9fc3d9d 100644
--- a/compiler/rustc_mir_transform/src/lib.rs
+++ b/compiler/rustc_mir_transform/src/lib.rs
@@ -34,7 +34,7 @@
 use rustc_middle::ty::query::Providers;
 use rustc_middle::ty::{self, TyCtxt, TypeVisitable};
 use rustc_span::sym;
-use std::sync::{LazyLock, Mutex};
+use std::sync::{LazyLock, RwLock};
 
 #[macro_use]
 mod pass_manager;
@@ -203,8 +203,9 @@ fn remap_mir_for_const_eval_select<'tcx>(
     body
 }
 
-pub static MIR_PASS_INJECTION: LazyLock<Mutex<Option<Box<dyn for<'tcx> MirPass<'tcx> + Send>>>> =
-    LazyLock::new(|| Mutex::new(None));
+pub static MIR_PASS_INJECTION: LazyLock<
+    RwLock<Option<Box<dyn for<'tcx> MirPass<'tcx> + Send + Sync>>>,
+> = LazyLock::new(|| RwLock::new(None));
 
 fn is_mir_available(tcx: TyCtxt<'_>, def_id: DefId) -> bool {
     let def_id = def_id.expect_local();
diff --git a/compiler/rustc_mir_transform/src/wrapper.rs b/compiler/rustc_mir_transform/src/wrapper.rs
index 35f59327e48..912d7a5683b 100644
--- a/compiler/rustc_mir_transform/src/wrapper.rs
+++ b/compiler/rustc_mir_transform/src/wrapper.rs
@@ -7,7 +7,7 @@
 
 impl<'tcx> MirPass<'tcx> for Wrapper {
     fn name(&self) -> Cow<'_, str> {
-        match &*MIR_PASS_INJECTION.lock().unwrap() {
+        match MIR_PASS_INJECTION.read().unwrap().as_ref() {
             Some(pass) => Cow::Owned(pass.name().into_owned()),
             None => Cow::from("WrapperEmpty"),
         }
@@ -15,7 +15,7 @@ fn name(&self) -> Cow<'_, str> {
 
     fn is_enabled(&self, sess: &rustc_session::Session) -> bool {
         MIR_PASS_INJECTION
-            .lock()
+            .read()
             .unwrap()
             .as_ref()
             .map(|pass| pass.is_enabled(sess))
@@ -23,18 +23,18 @@ fn is_enabled(&self, sess: &rustc_session::Session) -> bool {
     }
 
     fn run_pass(&self, tcx: TyCtxt<'tcx>, body: &mut Body<'tcx>) {
-        if let Some(pass) = &*MIR_PASS_INJECTION.lock().unwrap() {
+        if let Some(pass) = MIR_PASS_INJECTION.read().unwrap().as_ref() {
             pass.run_pass(tcx, body);
         }
     }
 
     fn phase_change(&self) -> Option<MirPhase> {
-        MIR_PASS_INJECTION.lock().unwrap().as_ref().and_then(|pass| pass.phase_change())
+        MIR_PASS_INJECTION.read().unwrap().as_ref().and_then(|pass| pass.phase_change())
     }
 
     fn is_mir_dump_enabled(&self) -> bool {
         MIR_PASS_INJECTION
-            .lock()
+            .read()
             .unwrap()
             .as_ref()
             .map(|pass| pass.is_mir_dump_enabled())
Building rustbuild
Building stage0 tool tidy (x86_64-pc-windows-msvc)
tidy check
Checking which error codes lack tests...
* 632 error codes
* highest error code: E0790
Found 506 error codes
Found 0 error(s) in error codes
Done!
* 387 features
fmt check
skip untracked path xtest_ignored_f29fff94.txt during rustfmt invocations
Building stage0 std artifacts (x86_64-pc-windows-msvc -> x86_64-pc-windows-msvc)
Copying stage0 std from stage0 (x86_64-pc-windows-msvc -> x86_64-pc-windows-msvc / x86_64-pc-windows-msvc)
Building stage0 compiler artifacts (x86_64-pc-windows-msvc -> x86_64-pc-windows-msvc)
Copying stage0 rustc from stage0 (x86_64-pc-windows-msvc -> x86_64-pc-windows-msvc / x86_64-pc-windows-msvc)
Assembling stage1 compiler (x86_64-pc-windows-msvc)
Building stage1 std artifacts (x86_64-pc-windows-msvc -> x86_64-pc-windows-msvc)
Copying stage1 std from stage1 (x86_64-pc-windows-msvc -> x86_64-pc-windows-msvc / x86_64-pc-windows-msvc)
Building stage0 tool compiletest (x86_64-pc-windows-msvc)
Check compiletest suite=ui mode=ui (x86_64-pc-windows-msvc -> x86_64-pc-windows-msvc)

running 13652 tests
i.....i..................i.....ii.......................ii.............................. 88/13652
..............................................................................iiiiiiiiii 176/13652
iiii.....................i..................i....i...................................... 264/13652
........................................................................................ 352/13652
........................................................................................ 440/13652
........................................................................................ 528/13652
........................................................................................ 616/13652
........................................................................................ 704/13652
.....................................................................................i.. 792/13652
........................................................................................ 880/13652
.....ii................................................................................. 968/13652
........................................................................................ 1056/13652
........................................................................................ 1144/13652
........................................................................................ 1232/13652
.......................................................................................i 1320/13652
........................................................................................ 1408/13652
........................................................................................ 1496/13652
........................................................................................ 1584/13652
........................................................................................ 1672/13652
........................................................................................ 1760/13652
.................i........ii............................................................ 1848/13652
........................................................................................ 1936/13652
........................iii.iiii...................................................i.... 2024/13652
........................................................................................ 2112/13652
........................................................................................ 2200/13652
........................................................................................ 2288/13652
........................................................................................ 2376/13652
........................................................................................ 2464/13652
........................................................................................ 2552/13652
........................................................................................ 2640/13652
........................................................................................ 2728/13652
........................................................................................ 2816/13652
........................................................................................ 2904/13652
........................................................................................ 2992/13652
........................................................................................ 3080/13652
.............................................i...........i.............................. 3168/13652
........................................................................................ 3256/13652
........................................................................................ 3344/13652
.....................iiiii.............................................................. 3432/13652
........................................................................................ 3520/13652
................................................................ii...................... 3608/13652
........................................................................................ 3696/13652
........................................................................................ 3784/13652
........................................................................................ 3872/13652
...............................................i..........i..........i.................. 3960/13652
.....................................................i.................................. 4048/13652
..........................................iii........................................... 4136/13652
........................................................................................ 4224/13652
........................................................................................ 4312/13652
........................................................................................ 4400/13652
........................................................................................ 4488/13652
........................................................................................ 4576/13652
........................................................................................ 4664/13652
........................................................................................ 4752/13652
........................................................................................ 4840/13652
........................................................................................ 4928/13652
........................................................................................ 5016/13652
........................................................................................ 5104/13652
........................................................................................ 5192/13652
......................................................................................i. 5280/13652
........................................................................................ 5368/13652
........................................................................................ 5456/13652
........................................................................................ 5544/13652
........................................................................................ 5632/13652
........................i............................................................... 5720/13652
........................................................................................ 5808/13652
........................................................................................ 5896/13652
........................................................................................ 5984/13652
........................................................................................ 6072/13652
........................................................................................ 6160/13652
........i............................................................................... 6248/13652
.....................................i.................................................. 6336/13652
........................................................................................ 6424/13652
.......................................................i................................ 6512/13652
........................................................................................ 6600/13652
...................................................i.................................... 6688/13652
..............................i......................................................... 6776/13652
..........................i........................................................ii.ii 6864/13652
........i....i...............................................................i.......... 6952/13652
........................................................................................ 7040/13652
.........................................................i....i..............i.......... 7128/13652
................i..................i.............i...................................... 7216/13652
.......................i................................................................ 7304/13652
............................................i........................................... 7392/13652
........................................................................................ 7480/13652
.....i............................i.............................i....................... 7568/13652
..........................................ii......................................ii.... 7656/13652
.............................................................i.......................... 7744/13652
........................................................................................ 7832/13652
......................................................................ii................ 7920/13652
........................................................................................ 8008/13652
........................................................................................ 8096/13652
........................................................................................ 8184/13652
...ii................i......i..ii....................................................... 8272/13652
........................................................................................ 8360/13652
........................................................................................ 8448/13652
........................................................................................ 8536/13652
........................................................................................ 8624/13652
.................................................ii..ii................................. 8712/13652
.............................ii......................................................... 8800/13652
.............................i.......................................................... 8888/13652
...............................................................................i........ 8976/13652
......ii........................i.....ii................................................ 9064/13652
............i........................................................................... 9152/13652
........................................................................................ 9240/13652
.........i.............................................................................. 9328/13652
........................................................................................ 9416/13652
................i....................................................................... 9504/13652
........................................................................................ 9592/13652
........................................................................................ 9680/13652
........................................................................................ 9768/13652
........................................................................................ 9856/13652
........................................................................................ 9944/13652
........................................................................................ 10032/13652
..................................ii...............i...................................i 10120/13652
........i..i.....i...................................................................... 10208/13652
........................................................................................ 10296/13652
........................................................................................ 10384/13652
........................................................................................ 10472/13652
........................................................................................ 10560/13652
........................................................................................ 10648/13652
........................................................................................ 10736/13652
...................................................................iiii.........ii...... 10824/13652
........................................................................................ 10912/13652
....................................................i......i............................ 11000/13652
..............................................................iiiiii.i..iiiiiiiii.i..... 11088/13652
........................................................................................ 11176/13652
........................................................................................ 11264/13652
........................................................................................ 11352/13652
........................................................................................ 11440/13652
........................................................................................ 11528/13652
..............i......................................................................... 11616/13652
........................................................................................ 11704/13652
........................................................................................ 11792/13652
........................................................................................ 11880/13652
........................................................................................ 11968/13652
............................................................i.......i........i.....i.... 12056/13652
.................i............................................i......................... 12144/13652
...i.................................................................................... 12232/13652
........................................................................................ 12320/13652
........................................................................................ 12408/13652
........................................................................................ 12496/13652
........................................................................................ 12584/13652
........................................................................................ 12672/13652
........................................................................................ 12760/13652
.................i...................................................................... 12848/13652
........................................................................................ 12936/13652
....ii.................................................................................. 13024/13652
........................................................................................ 13112/13652
........................................................................................ 13200/13652
........................................................................................ 13288/13652
........................................................................................ 13376/13652
........................................................................................ 13464/13652
.....i.........................................................................iii...... 13552/13652
test [ui] src/test\ui\threads-sendsync\mpsc_stress.rs has been running for over 60 seconds
........................................................................................ 13640/13652
............
test result: ok. 13495 passed; 0 failed; 157 ignored; 0 measured; 0 filtered out; finished in 584.00s

	finished in 601.954 seconds
Check compiletest suite=run-pass-valgrind mode=run-pass-valgrind (x86_64-pc-windows-msvc -> x86_64-pc-windows-msvc)

running 17 tests
.................
test result: ok. 17 passed; 0 failed; 0 ignored; 0 measured; 0 filtered out; finished in 3.05s

	finished in 3.125 seconds
Check compiletest suite=mir-opt mode=mir-opt (x86_64-pc-windows-msvc -> x86_64-pc-windows-msvc)

running 188 tests
.......................................i................................................ 88/188
..........i..............................................ii.......i..................... 176/188
............
test result: ok. 183 passed; 0 failed; 5 ignored; 0 measured; 0 filtered out; finished in 24.85s

	finished in 25.274 seconds
Check compiletest suite=codegen mode=codegen (x86_64-pc-windows-msvc -> x86_64-pc-windows-msvc)

running 375 tests
i.....................i.......i....................i...........i.............iiii....... 88/375
...i.....i........i.ii..........i....................i...i........i..................... 176/375
..ii..i...................i......i.ii.i.iiii.iii..i.iiiiiiiiiiiiiiiiiiiii............... 264/375
..................................i....i............i..................................i 352/375
.i.i...................
test result: ok. 314 passed; 0 failed; 61 ignored; 0 measured; 0 filtered out; finished in 6.60s

	finished in 7.263 seconds
Check compiletest suite=codegen-units mode=codegen-units (x86_64-pc-windows-msvc -> x86_64-pc-windows-msvc)

running 42 tests
ii...................i....................
test result: ok. 39 passed; 0 failed; 3 ignored; 0 measured; 0 filtered out; finished in 1.49s

	finished in 1.633 seconds
Check compiletest suite=assembly mode=assembly (x86_64-pc-windows-msvc -> x86_64-pc-windows-msvc)

running 146 tests
iii..........iiiiiiiiiiiii...iiiii...................................................... 88/146
...................................ii.iii.................
test result: ok. 120 passed; 0 failed; 26 ignored; 0 measured; 0 filtered out; finished in 2.20s

	finished in 2.481 seconds
Check compiletest suite=incremental mode=incremental (x86_64-pc-windows-msvc -> x86_64-pc-windows-msvc)

running 158 tests
........................................................................i............... 88/158
...............................ii.....................................
test result: ok. 155 passed; 0 failed; 3 ignored; 0 measured; 0 filtered out; finished in 27.63s

	finished in 28.120 seconds
Check compiletest suite=debuginfo mode=debuginfo (x86_64-pc-windows-msvc -> x86_64-pc-windows-msvc)

running 0 tests

test result: ok. 0 passed; 0 failed; 0 ignored; 0 measured; 0 filtered out; finished in 0.00s

	finished in 0.011 seconds
Building stage1 compiler artifacts (x86_64-pc-windows-msvc -> x86_64-pc-windows-msvc)
Copying stage1 rustc from stage1 (x86_64-pc-windows-msvc -> x86_64-pc-windows-msvc / x86_64-pc-windows-msvc)
Check compiletest suite=ui-fulldeps mode=ui (x86_64-pc-windows-msvc -> x86_64-pc-windows-msvc)

running 71 tests
iiii............i.....i...ii.iiiiiiiiii..i.iii.........i...............
test result: ok. 48 passed; 0 failed; 23 ignored; 0 measured; 0 filtered out; finished in 7.75s

	finished in 7.906 seconds
Building rustdoc for stage1 (x86_64-pc-windows-msvc)
Check compiletest suite=rustdoc mode=rustdoc (x86_64-pc-windows-msvc -> x86_64-pc-windows-msvc)

running 565 tests
i.....................................i................................................. 88/565
........................................................................................ 176/565
.........................................i.............................................. 264/565
............i........................................................................... 352/565
.................................i...................................................... 440/565
......................i................................................................. 528/565
.....................................
test result: ok. 559 passed; 0 failed; 6 ignored; 0 measured; 0 filtered out; finished in 79.17s

	finished in 79.892 seconds
Check compiletest suite=pretty mode=pretty (x86_64-pc-windows-msvc -> x86_64-pc-windows-msvc)

running 71 tests
.......................................................................
test result: ok. 71 passed; 0 failed; 0 ignored; 0 measured; 0 filtered out; finished in 1.53s

	finished in 1.690 seconds
Testing ["alloc", "core", "panic_abort", "panic_unwind", "proc_macro", "std", "test", "unwind"] stage1 (x86_64-pc-windows-msvc -> x86_64-pc-windows-msvc)

running 373 tests
........................................................................................ 88/373
........................................................................................ 176/373
........................................................................................ 264/373
........................................................................................ 352/373
.....................
test result: ok. 373 passed; 0 failed; 0 ignored; 0 measured; 0 filtered out; finished in 0.11s


running 651 tests
........................................................................................ 88/651
........................................................................................ 176/651
........................................................................................ 264/651
........................................................................................ 352/651
........................................................................................ 440/651
........................................................................................ 528/651
........................................................................................ 616/651
...................................
test result: ok. 651 passed; 0 failed; 0 ignored; 0 measured; 0 filtered out; finished in 0.85s


running 448 tests
........................................................................................ 88/448
........................................................................................ 176/448
........................................................................................ 264/448
........................................................................................ 352/448
........................................................................................ 440/448
........
test result: ok. 448 passed; 0 failed; 0 ignored; 0 measured; 0 filtered out; finished in 0.35s


running 1495 tests
........................................................................................ 88/1495
........................................................................................ 176/1495
........................................................................................ 264/1495
........................................................................................ 352/1495
........................................................................................ 440/1495
........................................................................................ 528/1495
...............................................................................ii....... 616/1495
........................................................................................ 704/1495
........................................................................................ 792/1495
........................................................................................ 880/1495
........................................................................................ 968/1495
........................................................................................ 1056/1495
........................................................................................ 1144/1495
........................................................................................ 1232/1495
........................................................................................ 1320/1495
........................................................................................ 1408/1495
.......................................................................................
test result: ok. 1493 passed; 0 failed; 2 ignored; 0 measured; 0 filtered out; finished in 0.96s


running 408 tests
........................................................................................ 88/408
........................................................................................ 176/408
........................................................................................ 264/408
........................................................................................ 352/408
........................................................
test result: ok. 408 passed; 0 failed; 0 ignored; 0 measured; 0 filtered out; finished in 0.04s


running 0 tests

test result: ok. 0 passed; 0 failed; 0 ignored; 0 measured; 0 filtered out; finished in 0.00s


running 934 tests
........................................................................................ 88/934
........................................................................................ 176/934
....................................................i.....................i............. 264/934
........................................................................................ 352/934
........................................................................................ 440/934
........................................................................................ 528/934
......................................i..i.....Microsoft Windows [Version 10.0.19044.2604]
(c) Microsoft Corporation. All rights reserved.

C:\Projects\07_ETH\rust\library\std>exit
......................................... 616/934
........................................................................................ 704/934
........................................................................................ 792/934
........................................................................................ 880/934
......................................................
test result: ok. 930 passed; 0 failed; 4 ignored; 0 measured; 0 filtered out; finished in 11.01s


running 7 tests
.......
test result: ok. 7 passed; 0 failed; 0 ignored; 0 measured; 0 filtered out; finished in 0.00s


running 1 test
.
test result: ok. 1 passed; 0 failed; 0 ignored; 0 measured; 0 filtered out; finished in 0.00s


running 1 test
.
test result: ok. 1 passed; 0 failed; 0 ignored; 0 measured; 0 filtered out; finished in 0.11s


running 12 tests
............
test result: ok. 12 passed; 0 failed; 0 ignored; 0 measured; 0 filtered out; finished in 0.00s


running 59 tests
............................i..............................
test result: ok. 58 passed; 0 failed; 1 ignored; 0 measured; 0 filtered out; finished in 0.34s


running 658 tests
........................................................................................ 88/658
........................................................................................ 176/658
........................................................................................ 264/658
i...i.........i..................i...................................................... 352/658
........................................................................................ 440/658
........................................................................................ 528/658
........................................................................................ 616/658
..........................................
test result: ok. 654 passed; 0 failed; 4 ignored; 0 measured; 0 filtered out; finished in 36.09s


running 3948 tests
...................i..i......iiiiii..................................................... 88/3948
........................................................................................ 176/3948
........................................................................................ 264/3948
......................ii......................................iii.......i............... 352/3948
........................................................................................ 440/3948
.......................................i................................................ 528/3948
........................................................................................ 616/3948
.......................................................ii...................iiii........ 704/3948
........................................................................................ 792/3948
........................................................................................ 880/3948
........................................................................................ 968/3948
........................................................................................ 1056/3948
........................................................................................ 1144/3948
........................................................................................ 1232/3948
........................................................................................ 1320/3948
........................................................................................ 1408/3948
........................................................................................ 1496/3948
........................................................................................ 1584/3948
........................................................................................ 1672/3948
........................................................................................ 1760/3948
........................................................................................ 1848/3948
........................................................................................ 1936/3948
........................................................................................ 2024/3948
........................................................................................ 2112/3948
........................................................................................ 2200/3948
........................................................................................ 2288/3948
........................................................................................ 2376/3948
........................................................................................ 2464/3948
........................................................................................ 2552/3948
........................................................................................ 2640/3948
........................................................................................ 2728/3948
........................................................................................ 2816/3948
........................................................................................ 2904/3948
........................................................................................ 2992/3948
........................................................................................ 3080/3948
.......................iii.............................................................. 3168/3948
........................................................................................ 3256/3948
........................................................................................ 3344/3948
........................................................................................ 3432/3948
........................................................................................ 3520/3948
............................i...............................................i........... 3608/3948
........i.......................i.......................i.......................i....... 3696/3948
................i...........................................i.......................i... 3784/3948
....................i.......................i.......................i................... 3872/3948
............................................................................
test result: ok. 3912 passed; 0 failed; 36 ignored; 0 measured; 0 filtered out; finished in 184.31s


running 0 tests

test result: ok. 0 passed; 0 failed; 0 ignored; 0 measured; 0 filtered out; finished in 0.00s


running 0 tests

test result: ok. 0 passed; 0 failed; 0 ignored; 0 measured; 0 filtered out; finished in 0.00s


running 2 tests
ii
test result: ok. 0 passed; 0 failed; 2 ignored; 0 measured; 0 filtered out; finished in 0.00s


running 1101 tests
i....................................................................................... 88/1101
........................................................................................ 176/1101
........................................................................................ 264/1101
.......................i................................................................ 352/1101
..........................ii............................................................ 440/1101
.....................i....i............................................................. 528/1101
...i............ii...................................................................... 616/1101
........................................................................................ 704/1101
...............................................................................i........ 792/1101
...................................................iii.................................. 880/1101
........................................................................................ 968/1101
................................................iiiiii.................................. 1056/1101
.............i...............................
test result: ok. 1081 passed; 0 failed; 20 ignored; 0 measured; 0 filtered out; finished in 44.99s


running 0 tests

test result: ok. 0 passed; 0 failed; 0 ignored; 0 measured; 0 filtered out; finished in 0.00s


running 0 tests

test result: ok. 0 passed; 0 failed; 0 ignored; 0 measured; 0 filtered out; finished in 0.00s

	finished in 350.253 seconds
Testing ["rustc-main", "rustc_apfloat", "rustc_arena", "rustc_ast", "rustc_ast_lowering", "rustc_ast_passes", "rustc_ast_pretty", "rustc_attr", "rustc_borrowck", "rustc_builtin_macros", "rustc_codegen_llvm", "rustc_codegen_ssa", "rustc_const_eval", "rustc_data_structures", "rustc_driver", "rustc_error_codes", "rustc_error_messages", "rustc_errors", "rustc_expand", "rustc_feature", "rustc_fs_util", "rustc_graphviz", "rustc_hir", "rustc_hir_analysis", "rustc_hir_pretty", "rustc_incremental", "rustc_index", "rustc_infer", "rustc_interface", "rustc_lexer", "rustc_lint", "rustc_lint_defs", "rustc_llvm", "rustc_log", "rustc_macros", "rustc_metadata", "rustc_middle", "rustc_mir_build", "rustc_mir_dataflow", "rustc_mir_transform", "coverage_test_macros", "rustc_monomorphize", "rustc_parse", "rustc_parse_format", "rustc_passes", "rustc_plugin_impl", "rustc_privacy", "rustc_query_impl", "rustc_query_system", "rustc_resolve", "rustc_save_analysis", "rustc_serialize", "rustc_session", "rustc_smir", "rustc_span", "rustc_symbol_mangling", "rustc_target", "rustc_trait_selection", "rustc_traits", "rustc_transmute", "rustc_ty_utils", "rustc_type_ir"] stage1 (x86_64-pc-windows-msvc -> x86_64-pc-windows-msvc)

running 0 tests

test result: ok. 0 passed; 0 failed; 0 ignored; 0 measured; 0 filtered out; finished in 0.00s


running 0 tests

test result: ok. 0 passed; 0 failed; 0 ignored; 0 measured; 0 filtered out; finished in 0.00s


running 0 tests

test result: ok. 0 passed; 0 failed; 0 ignored; 0 measured; 0 filtered out; finished in 0.00s


running 49 tests
.................................................
test result: ok. 49 passed; 0 failed; 0 ignored; 0 measured; 0 filtered out; finished in 0.00s


running 19 tests
...................
test result: ok. 19 passed; 0 failed; 0 ignored; 0 measured; 0 filtered out; finished in 0.00s


running 15 tests
...............
test result: ok. 15 passed; 0 failed; 0 ignored; 0 measured; 0 filtered out; finished in 0.01s


running 5 tests
.....
test result: ok. 5 passed; 0 failed; 0 ignored; 0 measured; 0 filtered out; finished in 0.00s


running 0 tests

test result: ok. 0 passed; 0 failed; 0 ignored; 0 measured; 0 filtered out; finished in 0.00s


running 0 tests

test result: ok. 0 passed; 0 failed; 0 ignored; 0 measured; 0 filtered out; finished in 0.00s


running 2 tests
..
test result: ok. 2 passed; 0 failed; 0 ignored; 0 measured; 0 filtered out; finished in 0.00s


running 0 tests

test result: ok. 0 passed; 0 failed; 0 ignored; 0 measured; 0 filtered out; finished in 0.00s


running 0 tests

test result: ok. 0 passed; 0 failed; 0 ignored; 0 measured; 0 filtered out; finished in 0.00s


running 8 tests
........
test result: ok. 8 passed; 0 failed; 0 ignored; 0 measured; 0 filtered out; finished in 0.00s


running 0 tests

test result: ok. 0 passed; 0 failed; 0 ignored; 0 measured; 0 filtered out; finished in 0.00s


running 162 tests
........................................................................................ 88/162
..........................................................................
test result: ok. 162 passed; 0 failed; 0 ignored; 0 measured; 0 filtered out; finished in 0.01s


running 0 tests

test result: ok. 0 passed; 0 failed; 0 ignored; 0 measured; 0 filtered out; finished in 0.00s


running 0 tests

test result: ok. 0 passed; 0 failed; 0 ignored; 0 measured; 0 filtered out; finished in 0.00s


running 0 tests

test result: ok. 0 passed; 0 failed; 0 ignored; 0 measured; 0 filtered out; finished in 0.00s


running 8 tests
........
test result: ok. 8 passed; 0 failed; 0 ignored; 0 measured; 0 filtered out; finished in 0.00s


running 47 tests
...............................................
test result: ok. 47 passed; 0 failed; 0 ignored; 0 measured; 0 filtered out; finished in 0.01s


running 1 test
.
test result: ok. 1 passed; 0 failed; 0 ignored; 0 measured; 0 filtered out; finished in 0.00s


running 0 tests

test result: ok. 0 passed; 0 failed; 0 ignored; 0 measured; 0 filtered out; finished in 0.00s


running 11 tests
...........
test result: ok. 11 passed; 0 failed; 0 ignored; 0 measured; 0 filtered out; finished in 0.00s


running 1 test
.
test result: ok. 1 passed; 0 failed; 0 ignored; 0 measured; 0 filtered out; finished in 0.00s


running 0 tests

test result: ok. 0 passed; 0 failed; 0 ignored; 0 measured; 0 filtered out; finished in 0.00s


running 3 tests
...
test result: ok. 3 passed; 0 failed; 0 ignored; 0 measured; 0 filtered out; finished in 0.00s


running 37 tests
.....................................
test result: ok. 37 passed; 0 failed; 0 ignored; 0 measured; 0 filtered out; finished in 0.09s


running 0 tests

test result: ok. 0 passed; 0 failed; 0 ignored; 0 measured; 0 filtered out; finished in 0.00s


running 16 tests
................
test result: ok. 16 passed; 0 failed; 0 ignored; 0 measured; 0 filtered out; finished in 0.03s


running 32 tests
................................
test result: ok. 32 passed; 0 failed; 0 ignored; 0 measured; 0 filtered out; finished in 0.00s


running 4 tests
....
test result: ok. 4 passed; 0 failed; 0 ignored; 0 measured; 0 filtered out; finished in 0.00s


running 0 tests

test result: ok. 0 passed; 0 failed; 0 ignored; 0 measured; 0 filtered out; finished in 0.00s


running 0 tests

test result: ok. 0 passed; 0 failed; 0 ignored; 0 measured; 0 filtered out; finished in 0.00s


running 0 tests

test result: ok. 0 passed; 0 failed; 0 ignored; 0 measured; 0 filtered out; finished in 0.00s


running 5 tests
.....
test result: ok. 5 passed; 0 failed; 0 ignored; 0 measured; 0 filtered out; finished in 0.15s


running 0 tests

test result: ok. 0 passed; 0 failed; 0 ignored; 0 measured; 0 filtered out; finished in 0.00s


running 2 tests
..
test result: ok. 2 passed; 0 failed; 0 ignored; 0 measured; 0 filtered out; finished in 0.00s


running 0 tests

test result: ok. 0 passed; 0 failed; 0 ignored; 0 measured; 0 filtered out; finished in 0.00s


running 2 tests
..
test result: ok. 2 passed; 0 failed; 0 ignored; 0 measured; 0 filtered out; finished in 0.00s


running 8 tests
........
test result: ok. 8 passed; 0 failed; 0 ignored; 0 measured; 0 filtered out; finished in 0.00s


running 0 tests

test result: ok. 0 passed; 0 failed; 0 ignored; 0 measured; 0 filtered out; finished in 0.00s


running 0 tests

test result: ok. 0 passed; 0 failed; 0 ignored; 0 measured; 0 filtered out; finished in 0.00s


running 16 tests
................
test result: ok. 16 passed; 0 failed; 0 ignored; 0 measured; 0 filtered out; finished in 0.00s


running 0 tests

test result: ok. 0 passed; 0 failed; 0 ignored; 0 measured; 0 filtered out; finished in 0.00s


running 0 tests

test result: ok. 0 passed; 0 failed; 0 ignored; 0 measured; 0 filtered out; finished in 0.00s


running 0 tests

test result: ok. 0 passed; 0 failed; 0 ignored; 0 measured; 0 filtered out; finished in 0.00s


running 0 tests

test result: ok. 0 passed; 0 failed; 0 ignored; 0 measured; 0 filtered out; finished in 0.00s


running 0 tests

test result: ok. 0 passed; 0 failed; 0 ignored; 0 measured; 0 filtered out; finished in 0.00s


running 1 test
.
test result: ok. 1 passed; 0 failed; 0 ignored; 0 measured; 0 filtered out; finished in 0.00s


running 0 tests

test result: ok. 0 passed; 0 failed; 0 ignored; 0 measured; 0 filtered out; finished in 0.00s


running 0 tests

test result: ok. 0 passed; 0 failed; 0 ignored; 0 measured; 0 filtered out; finished in 0.00s


running 10 tests
..........
test result: ok. 10 passed; 0 failed; 0 ignored; 0 measured; 0 filtered out; finished in 0.00s


running 22 tests
......................
test result: ok. 22 passed; 0 failed; 0 ignored; 0 measured; 0 filtered out; finished in 0.01s


running 0 tests

test result: ok. 0 passed; 0 failed; 0 ignored; 0 measured; 0 filtered out; finished in 0.00s


running 0 tests

test result: ok. 0 passed; 0 failed; 0 ignored; 0 measured; 0 filtered out; finished in 0.00s


running 32 tests
................................
test result: ok. 32 passed; 0 failed; 0 ignored; 0 measured; 0 filtered out; finished in 0.12s


running 0 tests

test result: ok. 0 passed; 0 failed; 0 ignored; 0 measured; 0 filtered out; finished in 0.00s


running 200 tests
........................................................................................ 88/200
........................................................................................ 176/200
........................
test result: ok. 200 passed; 0 failed; 0 ignored; 0 measured; 0 filtered out; finished in 0.01s


running 0 tests

test result: ok. 0 passed; 0 failed; 0 ignored; 0 measured; 0 filtered out; finished in 0.00s


running 0 tests

test result: ok. 0 passed; 0 failed; 0 ignored; 0 measured; 0 filtered out; finished in 0.00s


running 11 tests
...........
test result: ok. 11 passed; 0 failed; 0 ignored; 0 measured; 0 filtered out; finished in 0.00s


running 0 tests

test result: ok. 0 passed; 0 failed; 0 ignored; 0 measured; 0 filtered out; finished in 0.00s


running 0 tests

test result: ok. 0 passed; 0 failed; 0 ignored; 0 measured; 0 filtered out; finished in 0.00s


running 0 tests

test result: ok. 0 passed; 0 failed; 0 ignored; 0 measured; 0 filtered out; finished in 0.00s


running 0 tests

test result: ok. 0 passed; 0 failed; 0 ignored; 0 measured; 0 filtered out; finished in 0.00s


running 0 tests

test result: ok. 0 passed; 0 failed; 0 ignored; 0 measured; 0 filtered out; finished in 0.00s


running 5 tests
ii...
test result: ok. 3 passed; 0 failed; 2 ignored; 0 measured; 0 filtered out; finished in 0.22s


running 0 tests

test result: ok. 0 passed; 0 failed; 0 ignored; 0 measured; 0 filtered out; finished in 0.00s


running 5 tests
iii..
test result: ok. 2 passed; 0 failed; 3 ignored; 0 measured; 0 filtered out; finished in 0.19s


running 0 tests

test result: ok. 0 passed; 0 failed; 0 ignored; 0 measured; 0 filtered out; finished in 0.00s


running 14 tests
iiii..........
test result: ok. 10 passed; 0 failed; 4 ignored; 0 measured; 0 filtered out; finished in 0.38s


running 3 tests
ii.
test result: ok. 1 passed; 0 failed; 2 ignored; 0 measured; 0 filtered out; finished in 0.19s


running 0 tests

test result: ok. 0 passed; 0 failed; 0 ignored; 0 measured; 0 filtered out; finished in 0.00s


running 0 tests

test result: ok. 0 passed; 0 failed; 0 ignored; 0 measured; 0 filtered out; finished in 0.00s


running 23 tests
.......i...............
test result: ok. 22 passed; 0 failed; 1 ignored; 0 measured; 0 filtered out; finished in 2.42s


running 0 tests

test result: ok. 0 passed; 0 failed; 0 ignored; 0 measured; 0 filtered out; finished in 0.00s


running 0 tests

test result: ok. 0 passed; 0 failed; 0 ignored; 0 measured; 0 filtered out; finished in 0.00s


running 2 tests
ii
test result: ok. 0 passed; 0 failed; 2 ignored; 0 measured; 0 filtered out; finished in 0.00s


running 0 tests

test result: ok. 0 passed; 0 failed; 0 ignored; 0 measured; 0 filtered out; finished in 0.00s


running 0 tests

test result: ok. 0 passed; 0 failed; 0 ignored; 0 measured; 0 filtered out; finished in 0.00s


running 6 tests
......
test result: ok. 6 passed; 0 failed; 0 ignored; 0 measured; 0 filtered out; finished in 1.13s


running 11 tests
iiiiii.....
test result: ok. 5 passed; 0 failed; 6 ignored; 0 measured; 0 filtered out; finished in 0.33s


running 0 tests

test result: ok. 0 passed; 0 failed; 0 ignored; 0 measured; 0 filtered out; finished in 0.00s


running 2 tests
i.
test result: ok. 1 passed; 0 failed; 1 ignored; 0 measured; 0 filtered out; finished in 0.27s


running 0 tests

test result: ok. 0 passed; 0 failed; 0 ignored; 0 measured; 0 filtered out; finished in 0.00s


running 0 tests

test result: ok. 0 passed; 0 failed; 0 ignored; 0 measured; 0 filtered out; finished in 0.00s


running 0 tests

test result: ok. 0 passed; 0 failed; 0 ignored; 0 measured; 0 filtered out; finished in 0.00s


running 62 tests
...........i.i................................................
test result: ok. 60 passed; 0 failed; 2 ignored; 0 measured; 0 filtered out; finished in 2.92s


running 113 tests
ii.i..ii......i......i.ii..i.......i......iii..i...................i..........i..i...... 88/113
.........i...............
test result: ok. 94 passed; 0 failed; 19 ignored; 0 measured; 0 filtered out; finished in 3.08s


running 0 tests

test result: ok. 0 passed; 0 failed; 0 ignored; 0 measured; 0 filtered out; finished in 0.00s


running 1 test
.
test result: ok. 1 passed; 0 failed; 0 ignored; 0 measured; 0 filtered out; finished in 0.40s


running 11 tests
iiiiiiiiiii
test result: ok. 0 passed; 0 failed; 11 ignored; 0 measured; 0 filtered out; finished in 0.01s


running 1 test
.
test result: ok. 1 passed; 0 failed; 0 ignored; 0 measured; 0 filtered out; finished in 0.04s


running 26 tests
iiiiiiiiiiii..............
test result: ok. 14 passed; 0 failed; 12 ignored; 0 measured; 0 filtered out; finished in 0.62s


running 6 tests
ii....
test result: ok. 4 passed; 0 failed; 2 ignored; 0 measured; 0 filtered out; finished in 0.34s


running 17 tests
iiiiiiiiiiiiii...
test result: ok. 3 passed; 0 failed; 14 ignored; 0 measured; 0 filtered out; finished in 0.24s


running 4 tests
ii..
test result: ok. 2 passed; 0 failed; 2 ignored; 0 measured; 0 filtered out; finished in 0.21s


running 9 tests
iiiiiiii.
test result: ok. 1 passed; 0 failed; 8 ignored; 0 measured; 0 filtered out; finished in 0.05s


running 0 tests

test result: ok. 0 passed; 0 failed; 0 ignored; 0 measured; 0 filtered out; finished in 0.00s


running 0 tests

test result: ok. 0 passed; 0 failed; 0 ignored; 0 measured; 0 filtered out; finished in 0.00s


running 0 tests

test result: ok. 0 passed; 0 failed; 0 ignored; 0 measured; 0 filtered out; finished in 0.00s


running 0 tests

test result: ok. 0 passed; 0 failed; 0 ignored; 0 measured; 0 filtered out; finished in 0.00s


running 1 test
i
test result: ok. 0 passed; 0 failed; 1 ignored; 0 measured; 0 filtered out; finished in 0.00s


running 14 tests
iiiiiiiiii....
test result: ok. 4 passed; 0 failed; 10 ignored; 0 measured; 0 filtered out; finished in 0.24s


running 0 tests

test result: ok. 0 passed; 0 failed; 0 ignored; 0 measured; 0 filtered out; finished in 0.00s


running 0 tests

test result: ok. 0 passed; 0 failed; 0 ignored; 0 measured; 0 filtered out; finished in 0.00s


running 0 tests

test result: ok. 0 passed; 0 failed; 0 ignored; 0 measured; 0 filtered out; finished in 0.00s


running 0 tests

test result: ok. 0 passed; 0 failed; 0 ignored; 0 measured; 0 filtered out; finished in 0.00s


running 5 tests
iii..
test result: ok. 2 passed; 0 failed; 3 ignored; 0 measured; 0 filtered out; finished in 0.15s


running 0 tests

test result: ok. 0 passed; 0 failed; 0 ignored; 0 measured; 0 filtered out; finished in 0.00s


running 0 tests

test result: ok. 0 passed; 0 failed; 0 ignored; 0 measured; 0 filtered out; finished in 0.00s


running 17 tests
iiiiiiiiiiiiii...
test result: ok. 3 passed; 0 failed; 14 ignored; 0 measured; 0 filtered out; finished in 0.23s


running 0 tests

test result: ok. 0 passed; 0 failed; 0 ignored; 0 measured; 0 filtered out; finished in 0.00s


running 0 tests

test result: ok. 0 passed; 0 failed; 0 ignored; 0 measured; 0 filtered out; finished in 0.00s


running 0 tests

test result: ok. 0 passed; 0 failed; 0 ignored; 0 measured; 0 filtered out; finished in 0.00s


running 9 tests
iiiiiii..
test result: ok. 2 passed; 0 failed; 7 ignored; 0 measured; 0 filtered out; finished in 0.19s

	finished in 63.149 seconds
Testing rustdoc stage1 (x86_64-pc-windows-msvc -> x86_64-pc-windows-msvc)

running 87 tests
.......................................................................................
test result: ok. 87 passed; 0 failed; 0 ignored; 0 measured; 0 filtered out; finished in 0.01s


running 8 tests
iiiii...
test result: ok. 3 passed; 0 failed; 5 ignored; 0 measured; 0 filtered out; finished in 0.53s

	finished in 58.001 seconds
Testing rustdoc-json-types stage1 (x86_64-pc-windows-msvc -> x86_64-pc-windows-msvc)

running 2 tests
..
test result: ok. 2 passed; 0 failed; 0 ignored; 0 measured; 0 filtered out; finished in 0.00s


running 9 tests
ii.......
test result: ok. 7 passed; 0 failed; 2 ignored; 0 measured; 0 filtered out; finished in 0.37s

	finished in 15.681 seconds
Linkcheck (x86_64-pc-windows-msvc)

running 0 tests

test result: ok. 0 passed; 0 failed; 0 ignored; 0 measured; 0 filtered out; finished in 0.00s


running 7 tests
test broken_redir ... ok
test valid ... ok
test broken_fragment_remote ... ok
test broken_fragment_local ... ok
test directory_link ... ok
test redirect_loop ... ok
test basic_broken ... ok

test result: ok. 7 passed; 0 failed; 0 ignored; 0 measured; 0 filtered out; finished in 0.10s

Generating unstable book md files (x86_64-pc-windows-msvc)
Building stage0 tool unstable-book-gen (x86_64-pc-windows-msvc)
Building stage0 tool rustbook (x86_64-pc-windows-msvc)
Rustbook (x86_64-pc-windows-msvc) - unstable-book
Documenting standalone (x86_64-pc-windows-msvc)
Documenting book redirect pages (x86_64-pc-windows-msvc)
Documenting stage1 std (x86_64-pc-windows-msvc) in HTML format
Documenting stage1 compiler (x86_64-pc-windows-msvc)
Documenting stage1 rustdoc (x86_64-pc-windows-msvc)
Documenting stage1 rustfmt (x86_64-pc-windows-msvc)
Documenting error index (x86_64-pc-windows-msvc)
Building stage1 tool error_index_generator (x86_64-pc-windows-msvc)
Generating lint docs (x86_64-pc-windows-msvc)
Building stage0 tool lint-docs (x86_64-pc-windows-msvc)
Rustbook (x86_64-pc-windows-msvc) - rustc
Documenting stage1 clippy (x86_64-pc-windows-msvc)
Documenting stage1 miri (x86_64-pc-windows-msvc)
Building stage0 tool linkchecker (x86_64-pc-windows-msvc)
checked links in: 288.3s
number of HTML files scanned: 32986
number of HTML redirects found: 10116
number of links checked: 2473724
number of links ignored due to external: 118308
number of links ignored due to exceptions: 19
number of intra doc links ignored: 25
errors found: 0
	finished in 288.801 seconds
platform support check
build check for version replacement placeholder

running 0 tests

test result: ok. 0 passed; 0 failed; 0 ignored; 0 measured; 0 filtered out; finished in 0.00s

Building stage1 tool rust-analyzer (x86_64-pc-windows-msvc)

running 19 tests
test abis::abi_1_58::ra_server::tests::test_ra_server_to_string ... ok
test abis::abi_1_63::ra_server::tests::test_ra_server_to_string ... ok
test abis::abi_1_58::ra_server::tests::test_ra_server_from_str ... ok
test abis::abi_1_63::ra_server::tests::test_ra_server_from_str ... ok
test abis::abi_sysroot::ra_server::tests::test_ra_server_from_str ... ok
test abis::abi_sysroot::ra_server::tests::test_ra_server_to_string ... ok
test abis::abi_1_63::ra_server::tests::test_ra_server_literals ... ok
test abis::abi_1_58::ra_server::tests::test_ra_server_literals ... ok
test tests::test_version_check ... ok
test tests::test_fn_like_macro_clone_literals ... ok
test tests::test_attr_macro ... ok
test tests::test_fn_like_mk_idents ... ok
test tests::test_fn_like_macro_clone_raw_ident ... ok
test tests::list_test_macros ... ok
test tests::test_derive_empty ... ok
test tests::test_fn_like_macro_noop ... ok
test tests::test_fn_like_macro_clone_ident_subtree ... ok
test tests::test_derive_error ... ok
test tests::test_fn_like_mk_literals ... ok

test result: ok. 19 passed; 0 failed; 0 ignored; 0 measured; 0 filtered out; finished in 0.12s

Testing error-index stage1
doc tests for: C:\Projects\07_ETH\rust\build\x86_64-pc-windows-msvc\test\error-index.md
	finished in 28.351 seconds
Building stage1 tool rust-demangler (x86_64-pc-windows-msvc)
Check compiletest suite=run-make-fulldeps mode=run-make (x86_64-pc-windows-msvc -> x86_64-pc-windows-msvc)

running 233 tests
FFFFFFFFFFFFiFFiFFiiFFFFiFFFiFFFFFiFFFFFiFFFFFFFFFFFFiiFiiFiFFFFFFFFFFFFFiFFiFFFFFFFFFii 88/233
FFiiFFiiiFFFiiiFFFFFFFFFFFFFFFFFiiFFFFFFFFFFFFFFFFFFFFFiiiiiiiFFFFFFiiiFiiiFFiFiFFFFFiiF 176/233
iFFFFFFFFFFFFFFFFFFFFFiiiiFFiFFFFFFiiFFFFFFFFFFFFFFFFFFFF
failures:

---- [run-make] src/test\run-make-fulldeps\alloc-no-oom-handling stdout ----
thread '[run-make] src/test\run-make-fulldeps\alloc-no-oom-handling' panicked at 'failed to spawn `make`: Error { kind: NotFound, message: "program not found" }', src\tools\compiletest\src\runtest.rs:3064:57

---- [run-make] src/test\run-make-fulldeps\alloc-no-rc stdout ----
thread '[run-make] src/test\run-make-fulldeps\alloc-no-rc' panicked at 'failed to spawn `make`: Error { kind: NotFound, message: "program not found" }', src\tools\compiletest\src\runtest.rs:3064:57
note: run with `RUST_BACKTRACE=1` environment variable to display a backtrace

---- [run-make] src/test\run-make-fulldeps\archive-duplicate-names stdout ----
thread '[run-make] src/test\run-make-fulldeps\archive-duplicate-names' panicked at 'failed to spawn `make`: Error { kind: NotFound, message: "program not found" }', src\tools\compiletest\src\runtest.rs:3064:57

---- [run-make] src/test\run-make-fulldeps\alloc-no-sync stdout ----
thread '[run-make] src/test\run-make-fulldeps\alloc-no-sync' panicked at 'failed to spawn `make`: Error { kind: NotFound, message: "program not found" }', src\tools\compiletest\src\runtest.rs:3064:57

---- [run-make] src/test\run-make-fulldeps\allow-warnings-cmdline-stability stdout ----
thread '[run-make] src/test\run-make-fulldeps\allow-warnings-cmdline-stability' panicked at 'failed to spawn `make`: Error { kind: NotFound, message: "program not found" }', src\tools\compiletest\src\runtest.rs:3064:57

---- [run-make] src/test\run-make-fulldeps\c-link-to-rust-dylib stdout ----
thread '[run-make] src/test\run-make-fulldeps\c-link-to-rust-dylib' panicked at 'failed to spawn `make`: Error { kind: NotFound, message: "program not found" }', src\tools\compiletest\src\runtest.rs:3064:57

---- [run-make] src/test\run-make-fulldeps\arguments-non-c-like-enum stdout ----
thread '[run-make] src/test\run-make-fulldeps\arguments-non-c-like-enum' panicked at 'failed to spawn `make`: Error { kind: NotFound, message: "program not found" }', src\tools\compiletest\src\runtest.rs:3064:57

---- [run-make] src/test\run-make-fulldeps\c-dynamic-dylib stdout ----
thread '[run-make] src/test\run-make-fulldeps\c-dynamic-dylib' panicked at 'failed to spawn `make`: Error { kind: NotFound, message: "program not found" }', src\tools\compiletest\src\runtest.rs:3064:57

---- [run-make] src/test\run-make-fulldeps\c-static-dylib stdout ----
thread '[run-make] src/test\run-make-fulldeps\c-static-dylib' panicked at 'failed to spawn `make`: Error { kind: NotFound, message: "program not found" }', src\tools\compiletest\src\runtest.rs:3064:57

---- [run-make] src/test\run-make-fulldeps\allow-non-lint-warnings-cmdline stdout ----
thread '[run-make] src/test\run-make-fulldeps\allow-non-lint-warnings-cmdline' panicked at 'failed to spawn `make`: Error { kind: NotFound, message: "program not found" }', src\tools\compiletest\src\runtest.rs:3064:57

---- [run-make] src/test\run-make-fulldeps\c-dynamic-rlib stdout ----
thread '[run-make] src/test\run-make-fulldeps\c-dynamic-rlib' panicked at 'failed to spawn `make`: Error { kind: NotFound, message: "program not found" }', src\tools\compiletest\src\runtest.rs:3064:57

---- [run-make] src/test\run-make-fulldeps\c-link-to-rust-staticlib stdout ----
thread '[run-make] src/test\run-make-fulldeps\c-link-to-rust-staticlib' panicked at 'failed to spawn `make`: Error { kind: NotFound, message: "program not found" }', src\tools\compiletest\src\runtest.rs:3064:57

---- [run-make] src/test\run-make-fulldeps\c-link-to-rust-va-list-fn stdout ----
thread '[run-make] src/test\run-make-fulldeps\c-link-to-rust-va-list-fn' panicked at 'failed to spawn `make`: Error { kind: NotFound, message: "program not found" }', src\tools\compiletest\src\runtest.rs:3064:57

---- [run-make] src/test\run-make-fulldeps\a-b-a-linker-guard stdout ----
thread '[run-make] src/test\run-make-fulldeps\a-b-a-linker-guard' panicked at 'failed to spawn `make`: Error { kind: NotFound, message: "program not found" }', src\tools\compiletest\src\runtest.rs:3064:57

---- [run-make] src/test\run-make-fulldeps\bare-outfile stdout ----
thread '[run-make] src/test\run-make-fulldeps\bare-outfile' panicked at 'failed to spawn `make`: Error { kind: NotFound, message: "program not found" }', src\tools\compiletest\src\runtest.rs:3064:57

---- [run-make] src/test\run-make-fulldeps\atomic-lock-free stdout ----
thread '[run-make] src/test\run-make-fulldeps\atomic-lock-free' panicked at 'failed to spawn `make`: Error { kind: NotFound, message: "program not found" }', src\tools\compiletest\src\runtest.rs:3064:57

---- [run-make] src/test\run-make-fulldeps\c-unwind-abi-catch-lib-panic stdout ----
thread '[run-make] src/test\run-make-fulldeps\c-unwind-abi-catch-lib-panic' panicked at 'failed to spawn `make`: Error { kind: NotFound, message: "program not found" }', src\tools\compiletest\src\runtest.rs:3064:57

---- [run-make] src/test\run-make-fulldeps\c-static-rlib stdout ----
thread '[run-make] src/test\run-make-fulldeps\c-static-rlib' panicked at 'failed to spawn `make`: Error { kind: NotFound, message: "program not found" }', src\tools\compiletest\src\runtest.rs:3064:57

---- [run-make] src/test\run-make-fulldeps\c-unwind-abi-catch-panic stdout ----
thread '[run-make] src/test\run-make-fulldeps\c-unwind-abi-catch-panic' panicked at 'failed to spawn `make`: Error { kind: NotFound, message: "program not found" }', src\tools\compiletest\src\runtest.rs:3064:57

---- [run-make] src/test\run-make-fulldeps\cdylib-dylib-linkage stdout ----
thread '[run-make] src/test\run-make-fulldeps\cdylib-dylib-linkage' panicked at 'failed to spawn `make`: Error { kind: NotFound, message: "program not found" }', src\tools\compiletest\src\runtest.rs:3064:57

---- [run-make] src/test\run-make-fulldeps\compiler-lookup-paths stdout ----
thread '[run-make] src/test\run-make-fulldeps\compiler-lookup-paths' panicked at 'failed to spawn `make`: Error { kind: NotFound, message: "program not found" }', src\tools\compiletest\src\runtest.rs:3064:57

---- [run-make] src/test\run-make-fulldeps\compile-stdin stdout ----
thread '[run-make] src/test\run-make-fulldeps\compile-stdin' panicked at 'failed to spawn `make`: Error { kind: NotFound, message: "program not found" }', src\tools\compiletest\src\runtest.rs:3064:57

---- [run-make] src/test\run-make-fulldeps\codegen-options-parsing stdout ----
thread '[run-make] src/test\run-make-fulldeps\codegen-options-parsing' panicked at 'failed to spawn `make`: Error { kind: NotFound, message: "program not found" }', src\tools\compiletest\src\runtest.rs:3064:57

---- [run-make] src/test\run-make-fulldeps\crate-hash-rustc-version stdout ----
thread '[run-make] src/test\run-make-fulldeps\crate-hash-rustc-version' panicked at 'failed to spawn `make`: Error { kind: NotFound, message: "program not found" }', src\tools\compiletest\src\runtest.rs:3064:57

---- [run-make] src/test\run-make-fulldeps\cdylib stdout ----
thread '[run-make] src/test\run-make-fulldeps\cdylib' panicked at 'failed to spawn `make`: Error { kind: NotFound, message: "program not found" }', src\tools\compiletest\src\runtest.rs:3064:57

---- [run-make] src/test\run-make-fulldeps\cross-lang-lto stdout ----
thread '[run-make] src/test\run-make-fulldeps\cross-lang-lto' panicked at 'failed to spawn `make`: Error { kind: NotFound, message: "program not found" }', src\tools\compiletest\src\runtest.rs:3064:57

---- [run-make] src/test\run-make-fulldeps\crate-data-smoke stdout ----
thread '[run-make] src/test\run-make-fulldeps\crate-data-smoke' panicked at 'failed to spawn `make`: Error { kind: NotFound, message: "program not found" }', src\tools\compiletest\src\runtest.rs:3064:57

---- [run-make] src/test\run-make-fulldeps\crate-name-priority stdout ----
thread '[run-make] src/test\run-make-fulldeps\crate-name-priority' panicked at 'failed to spawn `make`: Error { kind: NotFound, message: "program not found" }', src\tools\compiletest\src\runtest.rs:3064:57

---- [run-make] src/test\run-make-fulldeps\cat-and-grep-sanity-check stdout ----
thread '[run-make] src/test\run-make-fulldeps\cat-and-grep-sanity-check' panicked at 'failed to spawn `make`: Error { kind: NotFound, message: "program not found" }', src\tools\compiletest\src\runtest.rs:3064:57

---- [run-make] src/test\run-make-fulldeps\core-no-fp-fmt-parse stdout ----
thread '[run-make] src/test\run-make-fulldeps\core-no-fp-fmt-parse' panicked at 'failed to spawn `make`: Error { kind: NotFound, message: "program not found" }', src\tools\compiletest\src\runtest.rs:3064:57

---- [run-make] src/test\run-make-fulldeps\compiler-lookup-paths-2 stdout ----
thread '[run-make] src/test\run-make-fulldeps\compiler-lookup-paths-2' panicked at 'failed to spawn `make`: Error { kind: NotFound, message: "program not found" }', src\tools\compiletest\src\runtest.rs:3064:57

---- [run-make] src/test\run-make-fulldeps\cross-lang-lto-upstream-rlibs stdout ----
thread '[run-make] src/test\run-make-fulldeps\cross-lang-lto-upstream-rlibs' panicked at 'failed to spawn `make`: Error { kind: NotFound, message: "program not found" }', src\tools\compiletest\src\runtest.rs:3064:57

---- [run-make] src/test\run-make-fulldeps\debug-assertions stdout ----
thread '[run-make] src/test\run-make-fulldeps\debug-assertions' panicked at 'failed to spawn `make`: Error { kind: NotFound, message: "program not found" }', src\tools\compiletest\src\runtest.rs:3064:57

---- [run-make] src/test\run-make-fulldeps\doctests-keep-binaries stdout ----
thread '[run-make] src/test\run-make-fulldeps\doctests-keep-binaries' panicked at 'failed to spawn `make`: Error { kind: NotFound, message: "program not found" }', src\tools\compiletest\src\runtest.rs:3064:57

---- [run-make] src/test\run-make-fulldeps\dep-info-doesnt-run-much stdout ----
thread '[run-make] src/test\run-make-fulldeps\dep-info-doesnt-run-much' panicked at 'failed to spawn `make`: Error { kind: NotFound, message: "program not found" }', src\tools\compiletest\src\runtest.rs:3064:57

---- [run-make] src/test\run-make-fulldeps\dylib-chain stdout ----
thread '[run-make] src/test\run-make-fulldeps\dylib-chain' panicked at 'failed to spawn `make`: Error { kind: NotFound, message: "program not found" }', src\tools\compiletest\src\runtest.rs:3064:57

---- [run-make] src/test\run-make-fulldeps\emit stdout ----
thread '[run-make] src/test\run-make-fulldeps\emit' panicked at 'failed to spawn `make`: Error { kind: NotFound, message: "program not found" }', src\tools\compiletest\src\runtest.rs:3064:57

---- [run-make] src/test\run-make-fulldeps\error-writing-dependencies stdout ----
thread '[run-make] src/test\run-make-fulldeps\error-writing-dependencies' panicked at 'failed to spawn `make`: Error { kind: NotFound, message: "program not found" }', src\tools\compiletest\src\runtest.rs:3064:57

---- [run-make] src/test\run-make-fulldeps\extern-flag-fun stdout ----
thread '[run-make] src/test\run-make-fulldeps\extern-flag-fun' panicked at 'failed to spawn `make`: Error { kind: NotFound, message: "program not found" }', src\tools\compiletest\src\runtest.rs:3064:57

---- [run-make] src/test\run-make-fulldeps\extern-diff-internal-name stdout ----
thread '[run-make] src/test\run-make-fulldeps\extern-diff-internal-name' panicked at 'failed to spawn `make`: Error { kind: NotFound, message: "program not found" }', src\tools\compiletest\src\runtest.rs:3064:57

---- [run-make] src/test\run-make-fulldeps\extern-flag-rename-transitive stdout ----
thread '[run-make] src/test\run-make-fulldeps\extern-flag-rename-transitive' panicked at 'failed to spawn `make`: Error { kind: NotFound, message: "program not found" }', src\tools\compiletest\src\runtest.rs:3064:57

---- [run-make] src/test\run-make-fulldeps\extern-flag-pathless stdout ----
thread '[run-make] src/test\run-make-fulldeps\extern-flag-pathless' panicked at 'failed to spawn `make`: Error { kind: NotFound, message: "program not found" }', src\tools\compiletest\src\runtest.rs:3064:57

---- [run-make] src/test\run-make-fulldeps\exit-code stdout ----
thread '[run-make] src/test\run-make-fulldeps\exit-code' panicked at 'failed to spawn `make`: Error { kind: NotFound, message: "program not found" }', src\tools\compiletest\src\runtest.rs:3064:57

---- [run-make] src/test\run-make-fulldeps\duplicate-output-flavors stdout ----
thread '[run-make] src/test\run-make-fulldeps\duplicate-output-flavors' panicked at 'failed to spawn `make`: Error { kind: NotFound, message: "program not found" }', src\tools\compiletest\src\runtest.rs:3064:57

---- [run-make] src/test\run-make-fulldeps\error-found-staticlib-instead-crate stdout ----
thread '[run-make] src/test\run-make-fulldeps\error-found-staticlib-instead-crate' panicked at 'failed to spawn `make`: Error { kind: NotFound, message: "program not found" }', src\tools\compiletest\src\runtest.rs:3064:57

---- [run-make] src/test\run-make-fulldeps\extern-flag-disambiguates stdout ----
thread '[run-make] src/test\run-make-fulldeps\extern-flag-disambiguates' panicked at 'failed to spawn `make`: Error { kind: NotFound, message: "program not found" }', src\tools\compiletest\src\runtest.rs:3064:57

---- [run-make] src/test\run-make-fulldeps\extern-fn-generic stdout ----
thread '[run-make] src/test\run-make-fulldeps\extern-fn-generic' panicked at 'failed to spawn `make`: Error { kind: NotFound, message: "program not found" }', src\tools\compiletest\src\runtest.rs:3064:57

---- [run-make] src/test\run-make-fulldeps\extern-fn-struct-passing-abi stdout ----
thread '[run-make] src/test\run-make-fulldeps\extern-fn-struct-passing-abi' panicked at 'failed to spawn `make`: Error { kind: NotFound, message: "program not found" }', src\tools\compiletest\src\runtest.rs:3064:57

---- [run-make] src/test\run-make-fulldeps\extern-fn-with-packed-struct stdout ----
thread '[run-make] src/test\run-make-fulldeps\extern-fn-with-packed-struct' panicked at 'failed to spawn `make`: Error { kind: NotFound, message: "program not found" }', src\tools\compiletest\src\runtest.rs:3064:57

---- [run-make] src/test\run-make-fulldeps\extern-fn-mangle stdout ----
thread '[run-make] src/test\run-make-fulldeps\extern-fn-mangle' panicked at 'failed to spawn `make`: Error { kind: NotFound, message: "program not found" }', src\tools\compiletest\src\runtest.rs:3064:57

---- [run-make] src/test\run-make-fulldeps\extern-fn-with-extern-types stdout ----
thread '[run-make] src/test\run-make-fulldeps\extern-fn-with-extern-types' panicked at 'failed to spawn `make`: Error { kind: NotFound, message: "program not found" }', src\tools\compiletest\src\runtest.rs:3064:57

---- [run-make] src/test\run-make-fulldeps\extern-multiple-copies stdout ----
thread '[run-make] src/test\run-make-fulldeps\extern-multiple-copies' panicked at 'failed to spawn `make`: Error { kind: NotFound, message: "program not found" }', src\tools\compiletest\src\runtest.rs:3064:57

---- [run-make] src/test\run-make-fulldeps\extern-multiple-copies2 stdout ----
thread '[run-make] src/test\run-make-fulldeps\extern-multiple-copies2' panicked at 'failed to spawn `make`: Error { kind: NotFound, message: "program not found" }', src\tools\compiletest\src\runtest.rs:3064:57

---- [run-make] src/test\run-make-fulldeps\extern-overrides-distribution stdout ----
thread '[run-make] src/test\run-make-fulldeps\extern-overrides-distribution' panicked at 'failed to spawn `make`: Error { kind: NotFound, message: "program not found" }', src\tools\compiletest\src\runtest.rs:3064:57

---- [run-make] src/test\run-make-fulldeps\foreign-double-unwind stdout ----
thread '[run-make] src/test\run-make-fulldeps\foreign-double-unwind' panicked at 'failed to spawn `make`: Error { kind: NotFound, message: "program not found" }', src\tools\compiletest\src\runtest.rs:3064:57

---- [run-make] src/test\run-make-fulldeps\extra-filename-with-temp-outputs stdout ----
thread '[run-make] src/test\run-make-fulldeps\extra-filename-with-temp-outputs' panicked at 'failed to spawn `make`: Error { kind: NotFound, message: "program not found" }', src\tools\compiletest\src\runtest.rs:3064:57

---- [run-make] src/test\run-make-fulldeps\foreign-exceptions stdout ----
thread '[run-make] src/test\run-make-fulldeps\foreign-exceptions' panicked at 'failed to spawn `make`: Error { kind: NotFound, message: "program not found" }', src\tools\compiletest\src\runtest.rs:3064:57

---- [run-make] src/test\run-make-fulldeps\include_bytes_deps stdout ----
thread '[run-make] src/test\run-make-fulldeps\include_bytes_deps' panicked at 'failed to spawn `make`: Error { kind: NotFound, message: "program not found" }', src\tools\compiletest\src\runtest.rs:3064:57

---- [run-make] src/test\run-make-fulldeps\hir-tree stdout ----
thread '[run-make] src/test\run-make-fulldeps\hir-tree' panicked at 'failed to spawn `make`: Error { kind: NotFound, message: "program not found" }', src\tools\compiletest\src\runtest.rs:3064:57

---- [run-make] src/test\run-make-fulldeps\inline-always-many-cgu stdout ----
thread '[run-make] src/test\run-make-fulldeps\inline-always-many-cgu' panicked at 'failed to spawn `make`: Error { kind: NotFound, message: "program not found" }', src\tools\compiletest\src\runtest.rs:3064:57

---- [run-make] src/test\run-make-fulldeps\interdependent-c-libraries stdout ----
thread '[run-make] src/test\run-make-fulldeps\interdependent-c-libraries' panicked at 'failed to spawn `make`: Error { kind: NotFound, message: "program not found" }', src\tools\compiletest\src\runtest.rs:3064:57

---- [run-make] src/test\run-make-fulldeps\invalid-library stdout ----
thread '[run-make] src/test\run-make-fulldeps\invalid-library' panicked at 'failed to spawn `make`: Error { kind: NotFound, message: "program not found" }', src\tools\compiletest\src\runtest.rs:3064:57

---- [run-make] src/test\run-make-fulldeps\extern-fn-with-union stdout ----
thread '[run-make] src/test\run-make-fulldeps\extern-fn-with-union' panicked at 'failed to spawn `make`: Error { kind: NotFound, message: "program not found" }', src\tools\compiletest\src\runtest.rs:3064:57

---- [run-make] src/test\run-make-fulldeps\invalid-staticlib stdout ----
thread '[run-make] src/test\run-make-fulldeps\invalid-staticlib' panicked at 'failed to spawn `make`: Error { kind: NotFound, message: "program not found" }', src\tools\compiletest\src\runtest.rs:3064:57

---- [run-make] src/test\run-make-fulldeps\issue-14698 stdout ----
thread '[run-make] src/test\run-make-fulldeps\issue-14698' panicked at 'failed to spawn `make`: Error { kind: NotFound, message: "program not found" }', src\tools\compiletest\src\runtest.rs:3064:57

---- [run-make] src/test\run-make-fulldeps\issue-11908 stdout ----
thread '[run-make] src/test\run-make-fulldeps\issue-11908' panicked at 'failed to spawn `make`: Error { kind: NotFound, message: "program not found" }', src\tools\compiletest\src\runtest.rs:3064:57

---- [run-make] src/test\run-make-fulldeps\issue-14500 stdout ----
thread '[run-make] src/test\run-make-fulldeps\issue-14500' panicked at 'failed to spawn `make`: Error { kind: NotFound, message: "program not found" }', src\tools\compiletest\src\runtest.rs:3064:57

---- [run-make] src/test\run-make-fulldeps\issue-15460 stdout ----
thread '[run-make] src/test\run-make-fulldeps\issue-15460' panicked at 'failed to spawn `make`: Error { kind: NotFound, message: "program not found" }', src\tools\compiletest\src\runtest.rs:3064:57

---- [run-make] src/test\run-make-fulldeps\issue-20626 stdout ----
thread '[run-make] src/test\run-make-fulldeps\issue-20626' panicked at 'failed to spawn `make`: Error { kind: NotFound, message: "program not found" }', src\tools\compiletest\src\runtest.rs:3064:57

---- [run-make] src/test\run-make-fulldeps\issue-18943 stdout ----
thread '[run-make] src/test\run-make-fulldeps\issue-18943' panicked at 'failed to spawn `make`: Error { kind: NotFound, message: "program not found" }', src\tools\compiletest\src\runtest.rs:3064:57

---- [run-make] src/test\run-make-fulldeps\issue-19371 stdout ----
thread '[run-make] src/test\run-make-fulldeps\issue-19371' panicked at 'failed to spawn `make`: Error { kind: NotFound, message: "program not found" }', src\tools\compiletest\src\runtest.rs:3064:57

---- [run-make] src/test\run-make-fulldeps\issue-22131 stdout ----
thread '[run-make] src/test\run-make-fulldeps\issue-22131' panicked at 'failed to spawn `make`: Error { kind: NotFound, message: "program not found" }', src\tools\compiletest\src\runtest.rs:3064:57

---- [run-make] src/test\run-make-fulldeps\issue-25581 stdout ----
thread '[run-make] src/test\run-make-fulldeps\issue-25581' panicked at 'failed to spawn `make`: Error { kind: NotFound, message: "program not found" }', src\tools\compiletest\src\runtest.rs:3064:57

---- [run-make] src/test\run-make-fulldeps\issue-28595 stdout ----
thread '[run-make] src/test\run-make-fulldeps\issue-28595' panicked at 'failed to spawn `make`: Error { kind: NotFound, message: "program not found" }', src\tools\compiletest\src\runtest.rs:3064:57

---- [run-make] src/test\run-make-fulldeps\issue-26092 stdout ----
thread '[run-make] src/test\run-make-fulldeps\issue-26092' panicked at 'failed to spawn `make`: Error { kind: NotFound, message: "program not found" }', src\tools\compiletest\src\runtest.rs:3064:57

---- [run-make] src/test\run-make-fulldeps\issue-30063 stdout ----
thread '[run-make] src/test\run-make-fulldeps\issue-30063' panicked at 'failed to spawn `make`: Error { kind: NotFound, message: "program not found" }', src\tools\compiletest\src\runtest.rs:3064:57

---- [run-make] src/test\run-make-fulldeps\issue-35164 stdout ----
thread '[run-make] src/test\run-make-fulldeps\issue-35164' panicked at 'failed to spawn `make`: Error { kind: NotFound, message: "program not found" }', src\tools\compiletest\src\runtest.rs:3064:57

---- [run-make] src/test\run-make-fulldeps\issue-28766 stdout ----
thread '[run-make] src/test\run-make-fulldeps\issue-28766' panicked at 'failed to spawn `make`: Error { kind: NotFound, message: "program not found" }', src\tools\compiletest\src\runtest.rs:3064:57

---- [run-make] src/test\run-make-fulldeps\issue-33329 stdout ----
thread '[run-make] src/test\run-make-fulldeps\issue-33329' panicked at 'failed to spawn `make`: Error { kind: NotFound, message: "program not found" }', src\tools\compiletest\src\runtest.rs:3064:57

---- [run-make] src/test\run-make-fulldeps\issue-37839 stdout ----
thread '[run-make] src/test\run-make-fulldeps\issue-37839' panicked at 'failed to spawn `make`: Error { kind: NotFound, message: "program not found" }', src\tools\compiletest\src\runtest.rs:3064:57

---- [run-make] src/test\run-make-fulldeps\issue-37893 stdout ----
thread '[run-make] src/test\run-make-fulldeps\issue-37893' panicked at 'failed to spawn `make`: Error { kind: NotFound, message: "program not found" }', src\tools\compiletest\src\runtest.rs:3064:57

---- [run-make] src/test\run-make-fulldeps\issue-38237 stdout ----
thread '[run-make] src/test\run-make-fulldeps\issue-38237' panicked at 'failed to spawn `make`: Error { kind: NotFound, message: "program not found" }', src\tools\compiletest\src\runtest.rs:3064:57

---- [run-make] src/test\run-make-fulldeps\issue-40535 stdout ----
thread '[run-make] src/test\run-make-fulldeps\issue-40535' panicked at 'failed to spawn `make`: Error { kind: NotFound, message: "program not found" }', src\tools\compiletest\src\runtest.rs:3064:57

---- [run-make] src/test\run-make-fulldeps\issue-53964 stdout ----
thread '[run-make] src/test\run-make-fulldeps\issue-53964' panicked at 'failed to spawn `make`: Error { kind: NotFound, message: "program not found" }', src\tools\compiletest\src\runtest.rs:3064:57

---- [run-make] src/test\run-make-fulldeps\issue-69368 stdout ----
thread '[run-make] src/test\run-make-fulldeps\issue-69368' panicked at 'failed to spawn `make`: Error { kind: NotFound, message: "program not found" }', src\tools\compiletest\src\runtest.rs:3064:57

---- [run-make] src/test\run-make-fulldeps\issue-46239 stdout ----
thread '[run-make] src/test\run-make-fulldeps\issue-46239' panicked at 'failed to spawn `make`: Error { kind: NotFound, message: "program not found" }', src\tools\compiletest\src\runtest.rs:3064:57

---- [run-make] src/test\run-make-fulldeps\issue-7349 stdout ----
thread '[run-make] src/test\run-make-fulldeps\issue-7349' panicked at 'failed to spawn `make`: Error { kind: NotFound, message: "program not found" }', src\tools\compiletest\src\runtest.rs:3064:57

---- [run-make] src/test\run-make-fulldeps\issue64319 stdout ----
thread '[run-make] src/test\run-make-fulldeps\issue64319' panicked at 'failed to spawn `make`: Error { kind: NotFound, message: "program not found" }', src\tools\compiletest\src\runtest.rs:3064:57

---- [run-make] src/test\run-make-fulldeps\issues-41478-43796 stdout ----
thread '[run-make] src/test\run-make-fulldeps\issues-41478-43796' panicked at 'failed to spawn `make`: Error { kind: NotFound, message: "program not found" }', src\tools\compiletest\src\runtest.rs:3064:57

---- [run-make] src/test\run-make-fulldeps\link-cfg stdout ----
thread '[run-make] src/test\run-make-fulldeps\link-cfg' panicked at 'failed to spawn `make`: Error { kind: NotFound, message: "program not found" }', src\tools\compiletest\src\runtest.rs:3064:57

---- [run-make] src/test\run-make-fulldeps\libtest-json stdout ----
thread '[run-make] src/test\run-make-fulldeps\libtest-json' panicked at 'failed to spawn `make`: Error { kind: NotFound, message: "program not found" }', src\tools\compiletest\src\runtest.rs:3064:57

---- [run-make] src/test\run-make-fulldeps\link-arg stdout ----
thread '[run-make] src/test\run-make-fulldeps\link-arg' panicked at 'failed to spawn `make`: Error { kind: NotFound, message: "program not found" }', src\tools\compiletest\src\runtest.rs:3064:57

---- [run-make] src/test\run-make-fulldeps\link-path-order stdout ----
thread '[run-make] src/test\run-make-fulldeps\link-path-order' panicked at 'failed to spawn `make`: Error { kind: NotFound, message: "program not found" }', src\tools\compiletest\src\runtest.rs:3064:57

---- [run-make] src/test\run-make-fulldeps\long-linker-command-lines stdout ----
thread '[run-make] src/test\run-make-fulldeps\long-linker-command-lines' panicked at 'failed to spawn `make`: Error { kind: NotFound, message: "program not found" }', src\tools\compiletest\src\runtest.rs:3064:57

---- [run-make] src/test\run-make-fulldeps\long-linker-command-lines-cmd-exe stdout ----
thread '[run-make] src/test\run-make-fulldeps\long-linker-command-lines-cmd-exe' panicked at 'failed to spawn `make`: Error { kind: NotFound, message: "program not found" }', src\tools\compiletest\src\runtest.rs:3064:57

---- [run-make] src/test\run-make-fulldeps\linkage-attr-on-static stdout ----
thread '[run-make] src/test\run-make-fulldeps\linkage-attr-on-static' panicked at 'failed to spawn `make`: Error { kind: NotFound, message: "program not found" }', src\tools\compiletest\src\runtest.rs:3064:57

---- [run-make] src/test\run-make-fulldeps\lto-dylib-dep stdout ----
thread '[run-make] src/test\run-make-fulldeps\lto-dylib-dep' panicked at 'failed to spawn `make`: Error { kind: NotFound, message: "program not found" }', src\tools\compiletest\src\runtest.rs:3064:57

---- [run-make] src/test\run-make-fulldeps\longjmp-across-rust stdout ----
thread '[run-make] src/test\run-make-fulldeps\longjmp-across-rust' panicked at 'failed to spawn `make`: Error { kind: NotFound, message: "program not found" }', src\tools\compiletest\src\runtest.rs:3064:57

---- [run-make] src/test\run-make-fulldeps\lto-empty stdout ----
thread '[run-make] src/test\run-make-fulldeps\lto-empty' panicked at 'failed to spawn `make`: Error { kind: NotFound, message: "program not found" }', src\tools\compiletest\src\runtest.rs:3064:57

---- [run-make] src/test\run-make-fulldeps\ls-metadata stdout ----
thread '[run-make] src/test\run-make-fulldeps\ls-metadata' panicked at 'failed to spawn `make`: Error { kind: NotFound, message: "program not found" }', src\tools\compiletest\src\runtest.rs:3064:57

---- [run-make] src/test\run-make-fulldeps\lto-readonly-lib stdout ----
thread '[run-make] src/test\run-make-fulldeps\lto-readonly-lib' panicked at 'failed to spawn `make`: Error { kind: NotFound, message: "program not found" }', src\tools\compiletest\src\runtest.rs:3064:57

---- [run-make] src/test\run-make-fulldeps\lto-smoke-c stdout ----
thread '[run-make] src/test\run-make-fulldeps\lto-smoke-c' panicked at 'failed to spawn `make`: Error { kind: NotFound, message: "program not found" }', src\tools\compiletest\src\runtest.rs:3064:57

---- [run-make] src/test\run-make-fulldeps\lto-no-link-whole-rlib stdout ----
thread '[run-make] src/test\run-make-fulldeps\lto-no-link-whole-rlib' panicked at 'failed to spawn `make`: Error { kind: NotFound, message: "program not found" }', src\tools\compiletest\src\runtest.rs:3064:57

---- [run-make] src/test\run-make-fulldeps\lto-smoke stdout ----
thread '[run-make] src/test\run-make-fulldeps\lto-smoke' panicked at 'failed to spawn `make`: Error { kind: NotFound, message: "program not found" }', src\tools\compiletest\src\runtest.rs:3064:57

---- [run-make] src/test\run-make-fulldeps\manual-crate-name stdout ----
thread '[run-make] src/test\run-make-fulldeps\manual-crate-name' panicked at 'failed to spawn `make`: Error { kind: NotFound, message: "program not found" }', src\tools\compiletest\src\runtest.rs:3064:57

---- [run-make] src/test\run-make-fulldeps\many-crates-but-no-match stdout ----
thread '[run-make] src/test\run-make-fulldeps\many-crates-but-no-match' panicked at 'failed to spawn `make`: Error { kind: NotFound, message: "program not found" }', src\tools\compiletest\src\runtest.rs:3064:57

---- [run-make] src/test\run-make-fulldeps\manual-link stdout ----
thread '[run-make] src/test\run-make-fulldeps\manual-link' panicked at 'failed to spawn `make`: Error { kind: NotFound, message: "program not found" }', src\tools\compiletest\src\runtest.rs:3064:57

---- [run-make] src/test\run-make-fulldeps\missing-crate-dependency stdout ----
thread '[run-make] src/test\run-make-fulldeps\missing-crate-dependency' panicked at 'failed to spawn `make`: Error { kind: NotFound, message: "program not found" }', src\tools\compiletest\src\runtest.rs:3064:57

---- [run-make] src/test\run-make-fulldeps\mixing-formats stdout ----
thread '[run-make] src/test\run-make-fulldeps\mixing-formats' panicked at 'failed to spawn `make`: Error { kind: NotFound, message: "program not found" }', src\tools\compiletest\src\runtest.rs:3064:57

---- [run-make] src/test\run-make-fulldeps\mismatching-target-triples stdout ----
thread '[run-make] src/test\run-make-fulldeps\mismatching-target-triples' panicked at 'failed to spawn `make`: Error { kind: NotFound, message: "program not found" }', src\tools\compiletest\src\runtest.rs:3064:57

---- [run-make] src/test\run-make-fulldeps\metadata-flag-frobs-symbols stdout ----
thread '[run-make] src/test\run-make-fulldeps\metadata-flag-frobs-symbols' panicked at 'failed to spawn `make`: Error { kind: NotFound, message: "program not found" }', src\tools\compiletest\src\runtest.rs:3064:57

---- [run-make] src/test\run-make-fulldeps\mixing-deps stdout ----
thread '[run-make] src/test\run-make-fulldeps\mixing-deps' panicked at 'failed to spawn `make`: Error { kind: NotFound, message: "program not found" }', src\tools\compiletest\src\runtest.rs:3064:57

---- [run-make] src/test\run-make-fulldeps\multiple-emits stdout ----
thread '[run-make] src/test\run-make-fulldeps\multiple-emits' panicked at 'failed to spawn `make`: Error { kind: NotFound, message: "program not found" }', src\tools\compiletest\src\runtest.rs:3064:57

---- [run-make] src/test\run-make-fulldeps\mixing-libs stdout ----
thread '[run-make] src/test\run-make-fulldeps\mixing-libs' panicked at 'failed to spawn `make`: Error { kind: NotFound, message: "program not found" }', src\tools\compiletest\src\runtest.rs:3064:57

---- [run-make] src/test\run-make-fulldeps\no-builtins-lto stdout ----
thread '[run-make] src/test\run-make-fulldeps\no-builtins-lto' panicked at 'failed to spawn `make`: Error { kind: NotFound, message: "program not found" }', src\tools\compiletest\src\runtest.rs:3064:57

---- [run-make] src/test\run-make-fulldeps\msvc-opt-minsize stdout ----
thread '[run-make] src/test\run-make-fulldeps\msvc-opt-minsize' panicked at 'failed to spawn `make`: Error { kind: NotFound, message: "program not found" }', src\tools\compiletest\src\runtest.rs:3064:57

---- [run-make] src/test\run-make-fulldeps\no-duplicate-libs stdout ----
thread '[run-make] src/test\run-make-fulldeps\no-duplicate-libs' panicked at 'failed to spawn `make`: Error { kind: NotFound, message: "program not found" }', src\tools\compiletest\src\runtest.rs:3064:57

---- [run-make] src/test\run-make-fulldeps\no-intermediate-extras stdout ----
thread '[run-make] src/test\run-make-fulldeps\no-intermediate-extras' panicked at 'failed to spawn `make`: Error { kind: NotFound, message: "program not found" }', src\tools\compiletest\src\runtest.rs:3064:57

---- [run-make] src/test\run-make-fulldeps\obey-crate-type-flag stdout ----
thread '[run-make] src/test\run-make-fulldeps\obey-crate-type-flag' panicked at 'failed to spawn `make`: Error { kind: NotFound, message: "program not found" }', src\tools\compiletest\src\runtest.rs:3064:57

---- [run-make] src/test\run-make-fulldeps\output-filename-overwrites-input stdout ----
thread '[run-make] src/test\run-make-fulldeps\output-filename-overwrites-input' panicked at 'failed to spawn `make`: Error { kind: NotFound, message: "program not found" }', src\tools\compiletest\src\runtest.rs:3064:57

---- [run-make] src/test\run-make-fulldeps\output-type-permutations stdout ----
thread '[run-make] src/test\run-make-fulldeps\output-type-permutations' panicked at 'failed to spawn `make`: Error { kind: NotFound, message: "program not found" }', src\tools\compiletest\src\runtest.rs:3064:57

---- [run-make] src/test\run-make-fulldeps\output-filename-conflicts-with-directory stdout ----
thread '[run-make] src/test\run-make-fulldeps\output-filename-conflicts-with-directory' panicked at 'failed to spawn `make`: Error { kind: NotFound, message: "program not found" }', src\tools\compiletest\src\runtest.rs:3064:57

---- [run-make] src/test\run-make-fulldeps\obtain-borrowck stdout ----
thread '[run-make] src/test\run-make-fulldeps\obtain-borrowck' panicked at 'failed to spawn `make`: Error { kind: NotFound, message: "program not found" }', src\tools\compiletest\src\runtest.rs:3064:57

---- [run-make] src/test\run-make-fulldeps\output-with-hyphens stdout ----
thread '[run-make] src/test\run-make-fulldeps\output-with-hyphens' panicked at 'failed to spawn `make`: Error { kind: NotFound, message: "program not found" }', src\tools\compiletest\src\runtest.rs:3064:57

---- [run-make] src/test\run-make-fulldeps\override-aliased-flags stdout ----
thread '[run-make] src/test\run-make-fulldeps\override-aliased-flags' panicked at 'failed to spawn `make`: Error { kind: NotFound, message: "program not found" }', src\tools\compiletest\src\runtest.rs:3064:57

---- [run-make] src/test\run-make-fulldeps\panic-impl-transitive stdout ----
thread '[run-make] src/test\run-make-fulldeps\panic-impl-transitive' panicked at 'failed to spawn `make`: Error { kind: NotFound, message: "program not found" }', src\tools\compiletest\src\runtest.rs:3064:57

---- [run-make] src/test\run-make-fulldeps\pretty-expanded stdout ----
thread '[run-make] src/test\run-make-fulldeps\pretty-expanded' panicked at 'failed to spawn `make`: Error { kind: NotFound, message: "program not found" }', src\tools\compiletest\src\runtest.rs:3064:57

---- [run-make] src/test\run-make-fulldeps\pass-non-c-like-enum-to-c stdout ----
thread '[run-make] src/test\run-make-fulldeps\pass-non-c-like-enum-to-c' panicked at 'failed to spawn `make`: Error { kind: NotFound, message: "program not found" }', src\tools\compiletest\src\runtest.rs:3064:57

---- [run-make] src/test\run-make-fulldeps\pretty-print-to-file stdout ----
thread '[run-make] src/test\run-make-fulldeps\pretty-print-to-file' panicked at 'failed to spawn `make`: Error { kind: NotFound, message: "program not found" }', src\tools\compiletest\src\runtest.rs:3064:57

---- [run-make] src/test\run-make-fulldeps\prefer-dylib stdout ----
thread '[run-make] src/test\run-make-fulldeps\prefer-dylib' panicked at 'failed to spawn `make`: Error { kind: NotFound, message: "program not found" }', src\tools\compiletest\src\runtest.rs:3064:57

---- [run-make] src/test\run-make-fulldeps\prefer-rlib stdout ----
thread '[run-make] src/test\run-make-fulldeps\prefer-rlib' panicked at 'failed to spawn `make`: Error { kind: NotFound, message: "program not found" }', src\tools\compiletest\src\runtest.rs:3064:57

---- [run-make] src/test\run-make-fulldeps\print-calling-conventions stdout ----
thread '[run-make] src/test\run-make-fulldeps\print-calling-conventions' panicked at 'failed to spawn `make`: Error { kind: NotFound, message: "program not found" }', src\tools\compiletest\src\runtest.rs:3064:57

---- [run-make] src/test\run-make-fulldeps\print-cfg stdout ----
thread '[run-make] src/test\run-make-fulldeps\print-cfg' panicked at 'failed to spawn `make`: Error { kind: NotFound, message: "program not found" }', src\tools\compiletest\src\runtest.rs:3064:57

---- [run-make] src/test\run-make-fulldeps\print-target-list stdout ----
thread '[run-make] src/test\run-make-fulldeps\print-target-list' panicked at 'failed to spawn `make`: Error { kind: NotFound, message: "program not found" }', src\tools\compiletest\src\runtest.rs:3064:57

---- [run-make] src/test\run-make-fulldeps\reproducible-build stdout ----
thread '[run-make] src/test\run-make-fulldeps\reproducible-build' panicked at 'failed to spawn `make`: Error { kind: NotFound, message: "program not found" }', src\tools\compiletest\src\runtest.rs:3064:57

---- [run-make] src/test\run-make-fulldeps\resolve-rename stdout ----
thread '[run-make] src/test\run-make-fulldeps\resolve-rename' panicked at 'failed to spawn `make`: Error { kind: NotFound, message: "program not found" }', src\tools\compiletest\src\runtest.rs:3064:57

---- [run-make] src/test\run-make-fulldeps\relocation-model stdout ----
thread '[run-make] src/test\run-make-fulldeps\relocation-model' panicked at 'failed to spawn `make`: Error { kind: NotFound, message: "program not found" }', src\tools\compiletest\src\runtest.rs:3064:57

---- [run-make] src/test\run-make-fulldeps\rlib-chain stdout ----
thread '[run-make] src/test\run-make-fulldeps\rlib-chain' panicked at 'failed to spawn `make`: Error { kind: NotFound, message: "program not found" }', src\tools\compiletest\src\runtest.rs:3064:57

---- [run-make] src/test\run-make-fulldeps\rustdoc-error-lines stdout ----
thread '[run-make] src/test\run-make-fulldeps\rustdoc-error-lines' panicked at 'failed to spawn `make`: Error { kind: NotFound, message: "program not found" }', src\tools\compiletest\src\runtest.rs:3064:57

---- [run-make] src/test\run-make-fulldeps\return-non-c-like-enum-from-c stdout ----
thread '[run-make] src/test\run-make-fulldeps\return-non-c-like-enum-from-c' panicked at 'failed to spawn `make`: Error { kind: NotFound, message: "program not found" }', src\tools\compiletest\src\runtest.rs:3064:57

---- [run-make] src/test\run-make-fulldeps\rustdoc-map-file stdout ----
thread '[run-make] src/test\run-make-fulldeps\rustdoc-map-file' panicked at 'failed to spawn `make`: Error { kind: NotFound, message: "program not found" }', src\tools\compiletest\src\runtest.rs:3064:57

---- [run-make] src/test\run-make-fulldeps\return-non-c-like-enum stdout ----
thread '[run-make] src/test\run-make-fulldeps\return-non-c-like-enum' panicked at 'failed to spawn `make`: Error { kind: NotFound, message: "program not found" }', src\tools\compiletest\src\runtest.rs:3064:57

---- [run-make] src/test\run-make-fulldeps\rustdoc-target-spec-json-path stdout ----
thread '[run-make] src/test\run-make-fulldeps\rustdoc-target-spec-json-path' panicked at 'failed to spawn `make`: Error { kind: NotFound, message: "program not found" }', src\tools\compiletest\src\runtest.rs:3064:57

---- [run-make] src/test\run-make-fulldeps\rustdoc-output-path stdout ----
thread '[run-make] src/test\run-make-fulldeps\rustdoc-output-path' panicked at 'failed to spawn `make`: Error { kind: NotFound, message: "program not found" }', src\tools\compiletest\src\runtest.rs:3064:57

---- [run-make] src/test\run-make-fulldeps\rustdoc-scrape-examples-macros stdout ----
thread '[run-make] src/test\run-make-fulldeps\rustdoc-scrape-examples-macros' panicked at 'failed to spawn `make`: Error { kind: NotFound, message: "program not found" }', src\tools\compiletest\src\runtest.rs:3064:57

---- [run-make] src/test\run-make-fulldeps\save-analysis-fail stdout ----
thread '[run-make] src/test\run-make-fulldeps\save-analysis-fail' panicked at 'failed to spawn `make`: Error { kind: NotFound, message: "program not found" }', src\tools\compiletest\src\runtest.rs:3064:57

---- [run-make] src/test\run-make-fulldeps\rustdoc-themes stdout ----
thread '[run-make] src/test\run-make-fulldeps\rustdoc-themes' panicked at 'failed to spawn `make`: Error { kind: NotFound, message: "program not found" }', src\tools\compiletest\src\runtest.rs:3064:57

---- [run-make] src/test\run-make-fulldeps\save-analysis-rfc2126 stdout ----
thread '[run-make] src/test\run-make-fulldeps\save-analysis-rfc2126' panicked at 'failed to spawn `make`: Error { kind: NotFound, message: "program not found" }', src\tools\compiletest\src\runtest.rs:3064:57

---- [run-make] src/test\run-make-fulldeps\sepcomp-cci-copies stdout ----
thread '[run-make] src/test\run-make-fulldeps\sepcomp-cci-copies' panicked at 'failed to spawn `make`: Error { kind: NotFound, message: "program not found" }', src\tools\compiletest\src\runtest.rs:3064:57

---- [run-make] src/test\run-make-fulldeps\save-analysis stdout ----
thread '[run-make] src/test\run-make-fulldeps\save-analysis' panicked at 'failed to spawn `make`: Error { kind: NotFound, message: "program not found" }', src\tools\compiletest\src\runtest.rs:3064:57

---- [run-make] src/test\run-make-fulldeps\separate-link stdout ----
thread '[run-make] src/test\run-make-fulldeps\separate-link' panicked at 'failed to spawn `make`: Error { kind: NotFound, message: "program not found" }', src\tools\compiletest\src\runtest.rs:3064:57

---- [run-make] src/test\run-make-fulldeps\separate-link-fail stdout ----
thread '[run-make] src/test\run-make-fulldeps\separate-link-fail' panicked at 'failed to spawn `make`: Error { kind: NotFound, message: "program not found" }', src\tools\compiletest\src\runtest.rs:3064:57

---- [run-make] src/test\run-make-fulldeps\sepcomp-inlining stdout ----
thread '[run-make] src/test\run-make-fulldeps\sepcomp-inlining' panicked at 'failed to spawn `make`: Error { kind: NotFound, message: "program not found" }', src\tools\compiletest\src\runtest.rs:3064:57

---- [run-make] src/test\run-make-fulldeps\sepcomp-separate stdout ----
thread '[run-make] src/test\run-make-fulldeps\sepcomp-separate' panicked at 'failed to spawn `make`: Error { kind: NotFound, message: "program not found" }', src\tools\compiletest\src\runtest.rs:3064:57

---- [run-make] src/test\run-make-fulldeps\simple-dylib stdout ----
thread '[run-make] src/test\run-make-fulldeps\simple-dylib' panicked at 'failed to spawn `make`: Error { kind: NotFound, message: "program not found" }', src\tools\compiletest\src\runtest.rs:3064:57

---- [run-make] src/test\run-make-fulldeps\simple-rlib stdout ----
thread '[run-make] src/test\run-make-fulldeps\simple-rlib' panicked at 'failed to spawn `make`: Error { kind: NotFound, message: "program not found" }', src\tools\compiletest\src\runtest.rs:3064:57

---- [run-make] src/test\run-make-fulldeps\share-generics-dylib stdout ----
thread '[run-make] src/test\run-make-fulldeps\share-generics-dylib' panicked at 'failed to spawn `make`: Error { kind: NotFound, message: "program not found" }', src\tools\compiletest\src\runtest.rs:3064:57

---- [run-make] src/test\run-make-fulldeps\static-dylib-by-default stdout ----
thread '[run-make] src/test\run-make-fulldeps\static-dylib-by-default' panicked at 'failed to spawn `make`: Error { kind: NotFound, message: "program not found" }', src\tools\compiletest\src\runtest.rs:3064:57

---- [run-make] src/test\run-make-fulldeps\split-debuginfo stdout ----
thread '[run-make] src/test\run-make-fulldeps\split-debuginfo' panicked at 'failed to spawn `make`: Error { kind: NotFound, message: "program not found" }', src\tools\compiletest\src\runtest.rs:3064:57

---- [run-make] src/test\run-make-fulldeps\stable-symbol-names stdout ----
thread '[run-make] src/test\run-make-fulldeps\stable-symbol-names' panicked at 'failed to spawn `make`: Error { kind: NotFound, message: "program not found" }', src\tools\compiletest\src\runtest.rs:3064:57

---- [run-make] src/test\run-make-fulldeps\simd-ffi stdout ----
thread '[run-make] src/test\run-make-fulldeps\simd-ffi' panicked at 'failed to spawn `make`: Error { kind: NotFound, message: "program not found" }', src\tools\compiletest\src\runtest.rs:3064:57

---- [run-make] src/test\run-make-fulldeps\static-extern-type stdout ----
thread '[run-make] src/test\run-make-fulldeps\static-extern-type' panicked at 'failed to spawn `make`: Error { kind: NotFound, message: "program not found" }', src\tools\compiletest\src\runtest.rs:3064:57

---- [run-make] src/test\run-make-fulldeps\staticlib-blank-lib stdout ----
thread '[run-make] src/test\run-make-fulldeps\staticlib-blank-lib' panicked at 'failed to spawn `make`: Error { kind: NotFound, message: "program not found" }', src\tools\compiletest\src\runtest.rs:3064:57

---- [run-make] src/test\run-make-fulldeps\suspicious-library stdout ----
thread '[run-make] src/test\run-make-fulldeps\suspicious-library' panicked at 'failed to spawn `make`: Error { kind: NotFound, message: "program not found" }', src\tools\compiletest\src\runtest.rs:3064:57

---- [run-make] src/test\run-make-fulldeps\std-core-cycle stdout ----
thread '[run-make] src/test\run-make-fulldeps\std-core-cycle' panicked at 'failed to spawn `make`: Error { kind: NotFound, message: "program not found" }', src\tools\compiletest\src\runtest.rs:3064:57

---- [run-make] src/test\run-make-fulldeps\symbols-include-type-name stdout ----
thread '[run-make] src/test\run-make-fulldeps\symbols-include-type-name' panicked at 'failed to spawn `make`: Error { kind: NotFound, message: "program not found" }', src\tools\compiletest\src\runtest.rs:3064:57

---- [run-make] src/test\run-make-fulldeps\sysroot-crates-are-unstable stdout ----
thread '[run-make] src/test\run-make-fulldeps\sysroot-crates-are-unstable' panicked at 'failed to spawn `make`: Error { kind: NotFound, message: "program not found" }', src\tools\compiletest\src\runtest.rs:3064:57

---- [run-make] src/test\run-make-fulldeps\stdin-non-utf8 stdout ----
thread '[run-make] src/test\run-make-fulldeps\stdin-non-utf8' panicked at 'failed to spawn `make`: Error { kind: NotFound, message: "program not found" }', src\tools\compiletest\src\runtest.rs:3064:57

---- [run-make] src/test\run-make-fulldeps\static-unwinding stdout ----
thread '[run-make] src/test\run-make-fulldeps\static-unwinding' panicked at 'failed to spawn `make`: Error { kind: NotFound, message: "program not found" }', src\tools\compiletest\src\runtest.rs:3064:57

---- [run-make] src/test\run-make-fulldeps\test-harness stdout ----
thread '[run-make] src/test\run-make-fulldeps\test-harness' panicked at 'failed to spawn `make`: Error { kind: NotFound, message: "program not found" }', src\tools\compiletest\src\runtest.rs:3064:57

---- [run-make] src/test\run-make-fulldeps\target-specs stdout ----
thread '[run-make] src/test\run-make-fulldeps\target-specs' panicked at 'failed to spawn `make`: Error { kind: NotFound, message: "program not found" }', src\tools\compiletest\src\runtest.rs:3064:57

---- [run-make] src/test\run-make-fulldeps\target-without-atomic-cas stdout ----
thread '[run-make] src/test\run-make-fulldeps\target-without-atomic-cas' panicked at 'failed to spawn `make`: Error { kind: NotFound, message: "program not found" }', src\tools\compiletest\src\runtest.rs:3064:57

---- [run-make] src/test\run-make-fulldeps\type-mismatch-same-crate-name stdout ----
thread '[run-make] src/test\run-make-fulldeps\type-mismatch-same-crate-name' panicked at 'failed to spawn `make`: Error { kind: NotFound, message: "program not found" }', src\tools\compiletest\src\runtest.rs:3064:57

---- [run-make] src/test\run-make-fulldeps\use-suggestions-rust-2018 stdout ----
thread '[run-make] src/test\run-make-fulldeps\use-suggestions-rust-2018' panicked at 'failed to spawn `make`: Error { kind: NotFound, message: "program not found" }', src\tools\compiletest\src\runtest.rs:3064:57

---- [run-make] src/test\run-make-fulldeps\use-extern-for-plugins stdout ----
thread '[run-make] src/test\run-make-fulldeps\use-extern-for-plugins' panicked at 'failed to spawn `make`: Error { kind: NotFound, message: "program not found" }', src\tools\compiletest\src\runtest.rs:3064:57

---- [run-make] src/test\run-make-fulldeps\version stdout ----
thread '[run-make] src/test\run-make-fulldeps\version' panicked at 'failed to spawn `make`: Error { kind: NotFound, message: "program not found" }', src\tools\compiletest\src\runtest.rs:3064:57

---- [run-make] src/test\run-make-fulldeps\volatile-intrinsics stdout ----
thread '[run-make] src/test\run-make-fulldeps\volatile-intrinsics' panicked at 'failed to spawn `make`: Error { kind: NotFound, message: "program not found" }', src\tools\compiletest\src\runtest.rs:3064:57

---- [run-make] src/test\run-make-fulldeps\weird-output-filenames stdout ----
thread '[run-make] src/test\run-make-fulldeps\weird-output-filenames' panicked at 'failed to spawn `make`: Error { kind: NotFound, message: "program not found" }', src\tools\compiletest\src\runtest.rs:3064:57

---- [run-make] src/test\run-make-fulldeps\windows-subsystem stdout ----
thread '[run-make] src/test\run-make-fulldeps\windows-subsystem' panicked at 'failed to spawn `make`: Error { kind: NotFound, message: "program not found" }', src\tools\compiletest\src\runtest.rs:3064:57

---- [run-make] src/test\run-make-fulldeps\windows-binary-no-external-deps stdout ----
thread '[run-make] src/test\run-make-fulldeps\windows-binary-no-external-deps' panicked at 'failed to spawn `make`: Error { kind: NotFound, message: "program not found" }', src\tools\compiletest\src\runtest.rs:3064:57

---- [run-make] src/test\run-make-fulldeps\windows-spawn stdout ----
thread '[run-make] src/test\run-make-fulldeps\windows-spawn' panicked at 'failed to spawn `make`: Error { kind: NotFound, message: "program not found" }', src\tools\compiletest\src\runtest.rs:3064:57


failures:
    [run-make] src/test\run-make-fulldeps\a-b-a-linker-guard
    [run-make] src/test\run-make-fulldeps\alloc-no-oom-handling
    [run-make] src/test\run-make-fulldeps\alloc-no-rc
    [run-make] src/test\run-make-fulldeps\alloc-no-sync
    [run-make] src/test\run-make-fulldeps\allow-non-lint-warnings-cmdline
    [run-make] src/test\run-make-fulldeps\allow-warnings-cmdline-stability
    [run-make] src/test\run-make-fulldeps\archive-duplicate-names
    [run-make] src/test\run-make-fulldeps\arguments-non-c-like-enum
    [run-make] src/test\run-make-fulldeps\atomic-lock-free
    [run-make] src/test\run-make-fulldeps\bare-outfile
    [run-make] src/test\run-make-fulldeps\c-dynamic-dylib
    [run-make] src/test\run-make-fulldeps\c-dynamic-rlib
    [run-make] src/test\run-make-fulldeps\c-link-to-rust-dylib
    [run-make] src/test\run-make-fulldeps\c-link-to-rust-staticlib
    [run-make] src/test\run-make-fulldeps\c-link-to-rust-va-list-fn
    [run-make] src/test\run-make-fulldeps\c-static-dylib
    [run-make] src/test\run-make-fulldeps\c-static-rlib
    [run-make] src/test\run-make-fulldeps\c-unwind-abi-catch-lib-panic
    [run-make] src/test\run-make-fulldeps\c-unwind-abi-catch-panic
    [run-make] src/test\run-make-fulldeps\cat-and-grep-sanity-check
    [run-make] src/test\run-make-fulldeps\cdylib
    [run-make] src/test\run-make-fulldeps\cdylib-dylib-linkage
    [run-make] src/test\run-make-fulldeps\codegen-options-parsing
    [run-make] src/test\run-make-fulldeps\compile-stdin
    [run-make] src/test\run-make-fulldeps\compiler-lookup-paths
    [run-make] src/test\run-make-fulldeps\compiler-lookup-paths-2
    [run-make] src/test\run-make-fulldeps\core-no-fp-fmt-parse
    [run-make] src/test\run-make-fulldeps\crate-data-smoke
    [run-make] src/test\run-make-fulldeps\crate-hash-rustc-version
    [run-make] src/test\run-make-fulldeps\crate-name-priority
    [run-make] src/test\run-make-fulldeps\cross-lang-lto
    [run-make] src/test\run-make-fulldeps\cross-lang-lto-upstream-rlibs
    [run-make] src/test\run-make-fulldeps\debug-assertions
    [run-make] src/test\run-make-fulldeps\dep-info-doesnt-run-much
    [run-make] src/test\run-make-fulldeps\doctests-keep-binaries
    [run-make] src/test\run-make-fulldeps\duplicate-output-flavors
    [run-make] src/test\run-make-fulldeps\dylib-chain
    [run-make] src/test\run-make-fulldeps\emit
    [run-make] src/test\run-make-fulldeps\error-found-staticlib-instead-crate
    [run-make] src/test\run-make-fulldeps\error-writing-dependencies
    [run-make] src/test\run-make-fulldeps\exit-code
    [run-make] src/test\run-make-fulldeps\extern-diff-internal-name
    [run-make] src/test\run-make-fulldeps\extern-flag-disambiguates
    [run-make] src/test\run-make-fulldeps\extern-flag-fun
    [run-make] src/test\run-make-fulldeps\extern-flag-pathless
    [run-make] src/test\run-make-fulldeps\extern-flag-rename-transitive
    [run-make] src/test\run-make-fulldeps\extern-fn-generic
    [run-make] src/test\run-make-fulldeps\extern-fn-mangle
    [run-make] src/test\run-make-fulldeps\extern-fn-struct-passing-abi
    [run-make] src/test\run-make-fulldeps\extern-fn-with-extern-types
    [run-make] src/test\run-make-fulldeps\extern-fn-with-packed-struct
    [run-make] src/test\run-make-fulldeps\extern-fn-with-union
    [run-make] src/test\run-make-fulldeps\extern-multiple-copies
    [run-make] src/test\run-make-fulldeps\extern-multiple-copies2
    [run-make] src/test\run-make-fulldeps\extern-overrides-distribution
    [run-make] src/test\run-make-fulldeps\extra-filename-with-temp-outputs
    [run-make] src/test\run-make-fulldeps\foreign-double-unwind
    [run-make] src/test\run-make-fulldeps\foreign-exceptions
    [run-make] src/test\run-make-fulldeps\hir-tree
    [run-make] src/test\run-make-fulldeps\include_bytes_deps
    [run-make] src/test\run-make-fulldeps\inline-always-many-cgu
    [run-make] src/test\run-make-fulldeps\interdependent-c-libraries
    [run-make] src/test\run-make-fulldeps\invalid-library
    [run-make] src/test\run-make-fulldeps\invalid-staticlib
    [run-make] src/test\run-make-fulldeps\issue-11908
    [run-make] src/test\run-make-fulldeps\issue-14500
    [run-make] src/test\run-make-fulldeps\issue-14698
    [run-make] src/test\run-make-fulldeps\issue-15460
    [run-make] src/test\run-make-fulldeps\issue-18943
    [run-make] src/test\run-make-fulldeps\issue-19371
    [run-make] src/test\run-make-fulldeps\issue-20626
    [run-make] src/test\run-make-fulldeps\issue-22131
    [run-make] src/test\run-make-fulldeps\issue-25581
    [run-make] src/test\run-make-fulldeps\issue-26092
    [run-make] src/test\run-make-fulldeps\issue-28595
    [run-make] src/test\run-make-fulldeps\issue-28766
    [run-make] src/test\run-make-fulldeps\issue-30063
    [run-make] src/test\run-make-fulldeps\issue-33329
    [run-make] src/test\run-make-fulldeps\issue-35164
    [run-make] src/test\run-make-fulldeps\issue-37839
    [run-make] src/test\run-make-fulldeps\issue-37893
    [run-make] src/test\run-make-fulldeps\issue-38237
    [run-make] src/test\run-make-fulldeps\issue-40535
    [run-make] src/test\run-make-fulldeps\issue-46239
    [run-make] src/test\run-make-fulldeps\issue-53964
    [run-make] src/test\run-make-fulldeps\issue-69368
    [run-make] src/test\run-make-fulldeps\issue-7349
    [run-make] src/test\run-make-fulldeps\issue64319
    [run-make] src/test\run-make-fulldeps\issues-41478-43796
    [run-make] src/test\run-make-fulldeps\libtest-json
    [run-make] src/test\run-make-fulldeps\link-arg
    [run-make] src/test\run-make-fulldeps\link-cfg
    [run-make] src/test\run-make-fulldeps\link-path-order
    [run-make] src/test\run-make-fulldeps\linkage-attr-on-static
    [run-make] src/test\run-make-fulldeps\long-linker-command-lines
    [run-make] src/test\run-make-fulldeps\long-linker-command-lines-cmd-exe
    [run-make] src/test\run-make-fulldeps\longjmp-across-rust
    [run-make] src/test\run-make-fulldeps\ls-metadata
    [run-make] src/test\run-make-fulldeps\lto-dylib-dep
    [run-make] src/test\run-make-fulldeps\lto-empty
    [run-make] src/test\run-make-fulldeps\lto-no-link-whole-rlib
    [run-make] src/test\run-make-fulldeps\lto-readonly-lib
    [run-make] src/test\run-make-fulldeps\lto-smoke
    [run-make] src/test\run-make-fulldeps\lto-smoke-c
    [run-make] src/test\run-make-fulldeps\manual-crate-name
    [run-make] src/test\run-make-fulldeps\manual-link
    [run-make] src/test\run-make-fulldeps\many-crates-but-no-match
    [run-make] src/test\run-make-fulldeps\metadata-flag-frobs-symbols
    [run-make] src/test\run-make-fulldeps\mismatching-target-triples
    [run-make] src/test\run-make-fulldeps\missing-crate-dependency
    [run-make] src/test\run-make-fulldeps\mixing-deps
    [run-make] src/test\run-make-fulldeps\mixing-formats
    [run-make] src/test\run-make-fulldeps\mixing-libs
    [run-make] src/test\run-make-fulldeps\msvc-opt-minsize
    [run-make] src/test\run-make-fulldeps\multiple-emits
    [run-make] src/test\run-make-fulldeps\no-builtins-lto
    [run-make] src/test\run-make-fulldeps\no-duplicate-libs
    [run-make] src/test\run-make-fulldeps\no-intermediate-extras
    [run-make] src/test\run-make-fulldeps\obey-crate-type-flag
    [run-make] src/test\run-make-fulldeps\obtain-borrowck
    [run-make] src/test\run-make-fulldeps\output-filename-conflicts-with-directory
    [run-make] src/test\run-make-fulldeps\output-filename-overwrites-input
    [run-make] src/test\run-make-fulldeps\output-type-permutations
    [run-make] src/test\run-make-fulldeps\output-with-hyphens
    [run-make] src/test\run-make-fulldeps\override-aliased-flags
    [run-make] src/test\run-make-fulldeps\panic-impl-transitive
    [run-make] src/test\run-make-fulldeps\pass-non-c-like-enum-to-c
    [run-make] src/test\run-make-fulldeps\prefer-dylib
    [run-make] src/test\run-make-fulldeps\prefer-rlib
    [run-make] src/test\run-make-fulldeps\pretty-expanded
    [run-make] src/test\run-make-fulldeps\pretty-print-to-file
    [run-make] src/test\run-make-fulldeps\print-calling-conventions
    [run-make] src/test\run-make-fulldeps\print-cfg
    [run-make] src/test\run-make-fulldeps\print-target-list
    [run-make] src/test\run-make-fulldeps\relocation-model
    [run-make] src/test\run-make-fulldeps\reproducible-build
    [run-make] src/test\run-make-fulldeps\resolve-rename
    [run-make] src/test\run-make-fulldeps\return-non-c-like-enum
    [run-make] src/test\run-make-fulldeps\return-non-c-like-enum-from-c
    [run-make] src/test\run-make-fulldeps\rlib-chain
    [run-make] src/test\run-make-fulldeps\rustdoc-error-lines
    [run-make] src/test\run-make-fulldeps\rustdoc-map-file
    [run-make] src/test\run-make-fulldeps\rustdoc-output-path
    [run-make] src/test\run-make-fulldeps\rustdoc-scrape-examples-macros
    [run-make] src/test\run-make-fulldeps\rustdoc-target-spec-json-path
    [run-make] src/test\run-make-fulldeps\rustdoc-themes
    [run-make] src/test\run-make-fulldeps\save-analysis
    [run-make] src/test\run-make-fulldeps\save-analysis-fail
    [run-make] src/test\run-make-fulldeps\save-analysis-rfc2126
    [run-make] src/test\run-make-fulldeps\separate-link
    [run-make] src/test\run-make-fulldeps\separate-link-fail
    [run-make] src/test\run-make-fulldeps\sepcomp-cci-copies
    [run-make] src/test\run-make-fulldeps\sepcomp-inlining
    [run-make] src/test\run-make-fulldeps\sepcomp-separate
    [run-make] src/test\run-make-fulldeps\share-generics-dylib
    [run-make] src/test\run-make-fulldeps\simd-ffi
    [run-make] src/test\run-make-fulldeps\simple-dylib
    [run-make] src/test\run-make-fulldeps\simple-rlib
    [run-make] src/test\run-make-fulldeps\split-debuginfo
    [run-make] src/test\run-make-fulldeps\stable-symbol-names
    [run-make] src/test\run-make-fulldeps\static-dylib-by-default
    [run-make] src/test\run-make-fulldeps\static-extern-type
    [run-make] src/test\run-make-fulldeps\static-unwinding
    [run-make] src/test\run-make-fulldeps\staticlib-blank-lib
    [run-make] src/test\run-make-fulldeps\std-core-cycle
    [run-make] src/test\run-make-fulldeps\stdin-non-utf8
    [run-make] src/test\run-make-fulldeps\suspicious-library
    [run-make] src/test\run-make-fulldeps\symbols-include-type-name
    [run-make] src/test\run-make-fulldeps\sysroot-crates-are-unstable
    [run-make] src/test\run-make-fulldeps\target-specs
    [run-make] src/test\run-make-fulldeps\target-without-atomic-cas
    [run-make] src/test\run-make-fulldeps\test-harness
    [run-make] src/test\run-make-fulldeps\type-mismatch-same-crate-name
    [run-make] src/test\run-make-fulldeps\use-extern-for-plugins
    [run-make] src/test\run-make-fulldeps\use-suggestions-rust-2018
    [run-make] src/test\run-make-fulldeps\version
    [run-make] src/test\run-make-fulldeps\volatile-intrinsics
    [run-make] src/test\run-make-fulldeps\weird-output-filenames
    [run-make] src/test\run-make-fulldeps\windows-binary-no-external-deps
    [run-make] src/test\run-make-fulldeps\windows-spawn
    [run-make] src/test\run-make-fulldeps\windows-subsystem

test result: FAILED. 0 passed; 181 failed; 52 ignored; 0 measured; 0 filtered out; finished in 0.06s

Build completed unsuccessfully in 0:39:52
